Removing conda
Loading conda
Sat Feb  8 00:07:19 UTC 2025
(306395,)
type: normal
NHDPLUS_H_0702_HU4_GDB
flowlines read-in
exploded
type: normal
NHDPLUS_H_1023_HU4_GDB
flowlines read-in
exploded
type: normal
NHDPLUS_H_0710_HU4_GDB
flowlines read-in
exploded
INFO: Pandarallel will run on 64 workers.
INFO: Pandarallel will use Memory file system to transfer data between the main process and workers.
This granule has no pixels that intersect reaches, exiting.
Sat Feb  8 00:07:48 UTC 2025
Script completed.
