Removing conda
Loading conda
Thu Feb 13 23:37:24 UTC 2025
SWOT_L2_HR_PIXC_550_009_227L_20230612T173616_20230612T173627_PGC0_01
(3232100,)
type: normal
NHDPLUS_H_1023_HU4_GDB
flowlines read-in
exploded
type: normal
NHDPLUS_H_1024_HU4_GDB
flowlines read-in
exploded
type: normal
NHDPLUS_H_1020_HU4_GDB
flowlines read-in
exploded
INFO: Pandarallel will run on 64 workers.
INFO: Pandarallel will use Memory file system to transfer data between the main process and workers.
This granule has no pixels that intersect reaches, exiting.
Thu Feb 13 23:38:03 UTC 2025
