Removing conda
Loading conda
Thu Feb 13 22:10:17 UTC 2025
SWOT_L2_HR_PIXC_479_009_228R_20230403T044138_20230403T044149_PGC0_01
(685077,)
type: normal
NHDPLUS_H_1023_HU4_GDB
flowlines read-in
exploded
type: normal
NHDPLUS_H_1024_HU4_GDB
flowlines read-in
exploded
type: normal
NHDPLUS_H_0710_HU4_GDB
flowlines read-in
exploded
INFO: Pandarallel will run on 128 workers.
INFO: Pandarallel will use Memory file system to transfer data between the main process and workers.
This granule has no pixels that intersect reaches, exiting.
Thu Feb 13 22:11:08 UTC 2025
