Removing conda
Loading conda
Thu Feb 13 21:40:09 UTC 2025
SWOT_L2_HR_PIXC_007_035_230R_20231124T155142_20231124T155154_PGC0_01
(3178153,)
type: normal
NHDPLUS_H_0106_HU4_GDB
flowlines read-in
exploded
type: normal
NHDPLUS_H_0107_HU4_GDB
flowlines read-in
exploded
type: normal
NHDPLUS_H_0109_HU4_GDB
flowlines read-in
exploded
INFO: Pandarallel will run on 128 workers.
INFO: Pandarallel will use Memory file system to transfer data between the main process and workers.
/work/pi_cjgleason_umass_edu/.conda/envs/narrowPIXC/lib/python3.12/site-packages/geopandas/geodataframe.py:1819: SettingWithCopyWarning: 
A value is trying to be set on a copy of a slice from a DataFrame.
Try using .loc[row_indexer,col_indexer] = value instead

See the caveats in the documentation: https://pandas.pydata.org/pandas-docs/stable/user_guide/indexing.html#returning-a-view-versus-a-copy
  super().__setitem__(key, value)
Indices: [2, 3, 5]
type: segmented
NHDPLUS_H_0106_HU4_GDB
/nas/cee-water/cjgleason/fiona/narrow_rivers_PIXC_data/NHD_prepped_segmented/HUC2_01/NHDPLUS_H_0106_HU4_GDB_prepped_segmented.parquet
segments read-in
type: segmented
NHDPLUS_H_0107_HU4_GDB
/nas/cee-water/cjgleason/fiona/narrow_rivers_PIXC_data/NHD_prepped_segmented/HUC2_01/NHDPLUS_H_0107_HU4_GDB_prepped_segmented.parquet
segments read-in
type: segmented
NHDPLUS_H_0109_HU4_GDB
/nas/cee-water/cjgleason/fiona/narrow_rivers_PIXC_data/NHD_prepped_segmented/HUC2_01/NHDPLUS_H_0109_HU4_GDB_prepped_segmented.parquet
segments read-in
/var/spool/slurm/slurmd/job28920061/slurm_script: line 21: 3769377 Killed                  python3 evalCoverage.py mean
Thu Feb 13 21:42:54 UTC 2025
slurmstepd-cpu084: error: Detected 2 oom_kill events in StepId=28920061.batch. Some of the step tasks have been OOM Killed.
