Removing conda
Loading conda
Thu Feb 13 23:39:10 UTC 2025
SWOT_L2_HR_PIXC_556_009_227L_20230618T164002_20230618T164013_PGC0_01
(3214718,)
type: normal
NHDPLUS_H_1023_HU4_GDB
flowlines read-in
exploded
type: normal
NHDPLUS_H_1024_HU4_GDB
flowlines read-in
exploded
type: normal
NHDPLUS_H_1020_HU4_GDB
flowlines read-in
exploded
INFO: Pandarallel will run on 64 workers.
INFO: Pandarallel will use Memory file system to transfer data between the main process and workers.
This granule has no pixels that intersect reaches, exiting.
Thu Feb 13 23:39:56 UTC 2025
