Removing conda
Loading conda
Thu Feb 13 23:35:37 UTC 2025
SWOT_L2_HR_PIXC_543_009_231L_20230605T184231_20230605T184242_PGC0_01
(373379,)
type: normal
NHDPLUS_H_0702_HU4_GDB
flowlines read-in
exploded
type: normal
NHDPLUS_H_1023_HU4_GDB
flowlines read-in
exploded
type: normal
NHDPLUS_H_0710_HU4_GDB
flowlines read-in
exploded
INFO: Pandarallel will run on 128 workers.
INFO: Pandarallel will use Memory file system to transfer data between the main process and workers.
This granule has no pixels that intersect reaches, exiting.
Thu Feb 13 23:36:03 UTC 2025
