Removing conda
Loading conda
Thu Feb 13 23:38:36 UTC 2025
SWOT_L2_HR_PIXC_553_009_228R_20230615T170818_20230615T170829_PGC0_01
(512272,)
type: normal
NHDPLUS_H_1023_HU4_GDB
flowlines read-in
exploded
type: normal
NHDPLUS_H_1024_HU4_GDB
flowlines read-in
exploded
type: normal
NHDPLUS_H_0710_HU4_GDB
flowlines read-in
exploded
INFO: Pandarallel will run on 64 workers.
INFO: Pandarallel will use Memory file system to transfer data between the main process and workers.
This granule has no pixels that intersect reaches, exiting.
Thu Feb 13 23:39:11 UTC 2025
