Removing conda
Loading conda
Thu Feb 13 22:11:00 UTC 2025
SWOT_L2_HR_PIXC_483_009_238R_20230407T040549_20230407T040600_PGC0_01
(667872,)
type: normal
NHDPLUS_H_0401_HU4_GDB
flowlines read-in
exploded
type: normal
NHDPLUS_H_0701_HU4_GDB
flowlines read-in
exploded
type: normal
NHDPLUS_H_0903_HU4_GDB
flowlines read-in
exploded
INFO: Pandarallel will run on 64 workers.
INFO: Pandarallel will use Memory file system to transfer data between the main process and workers.
This granule has no pixels that intersect reaches, exiting.
Thu Feb 13 22:11:21 UTC 2025
