Removing conda
Loading conda
Thu Feb 13 23:22:01 UTC 2025
SWOT_L2_HR_PIXC_491_009_227L_20230415T024904_20230415T024915_PGC0_01
(3231420,)
type: normal
NHDPLUS_H_1023_HU4_GDB
flowlines read-in
exploded
type: normal
NHDPLUS_H_1024_HU4_GDB
flowlines read-in
exploded
type: normal
NHDPLUS_H_1020_HU4_GDB
flowlines read-in
exploded
INFO: Pandarallel will run on 64 workers.
INFO: Pandarallel will use Memory file system to transfer data between the main process and workers.
This granule has no pixels that intersect reaches, exiting.
Thu Feb 13 23:22:39 UTC 2025
