Removing conda
Loading conda
Thu Feb 13 23:36:48 UTC 2025
SWOT_L2_HR_PIXC_547_009_227L_20230609T180422_20230609T180433_PGC0_01
(3206752,)
type: normal
NHDPLUS_H_1023_HU4_GDB
flowlines read-in
exploded
type: normal
NHDPLUS_H_1024_HU4_GDB
flowlines read-in
exploded
type: normal
NHDPLUS_H_1020_HU4_GDB
flowlines read-in
exploded
INFO: Pandarallel will run on 128 workers.
INFO: Pandarallel will use Memory file system to transfer data between the main process and workers.
This granule has no pixels that intersect reaches, exiting.
Thu Feb 13 23:37:26 UTC 2025
