Removing conda
Loading conda
Thu Feb 13 23:26:31 UTC 2025
SWOT_L2_HR_PIXC_505_009_233R_20230429T003854_20230429T003905_PGC0_01
(277627,)
type: normal
NHDPLUS_H_0702_HU4_GDB
flowlines read-in
exploded
type: normal
NHDPLUS_H_0701_HU4_GDB
flowlines read-in
exploded
type: normal
NHDPLUS_H_0704_HU4_GDB
flowlines read-in
exploded
INFO: Pandarallel will run on 64 workers.
INFO: Pandarallel will use Memory file system to transfer data between the main process and workers.
This granule has no pixels that intersect reaches, exiting.
Thu Feb 13 23:26:56 UTC 2025
