Removing conda
Loading conda
Thu Feb 13 23:38:37 UTC 2025
SWOT_L2_HR_PIXC_552_009_234R_20230614T171840_20230614T171851_PGC0_01
(535105,)
type: normal
NHDPLUS_H_0702_HU4_GDB
flowlines read-in
exploded
type: normal
NHDPLUS_H_0701_HU4_GDB
flowlines read-in
exploded
type: normal
NHDPLUS_H_0703_HU4_GDB
flowlines read-in
exploded
INFO: Pandarallel will run on 32 workers.
INFO: Pandarallel will use Memory file system to transfer data between the main process and workers.
This granule has no pixels that intersect reaches, exiting.
Thu Feb 13 23:38:51 UTC 2025
