Removing conda
Loading conda
Thu Feb 13 23:36:48 UTC 2025
SWOT_L2_HR_PIXC_547_009_238R_20230609T180612_20230609T180623_PGC0_01
(270725,)
type: normal
NHDPLUS_H_0401_HU4_GDB
flowlines read-in
exploded
type: normal
NHDPLUS_H_0701_HU4_GDB
flowlines read-in
exploded
type: normal
NHDPLUS_H_0903_HU4_GDB
flowlines read-in
exploded
INFO: Pandarallel will run on 64 workers.
INFO: Pandarallel will use Memory file system to transfer data between the main process and workers.
This granule has no pixels that intersect reaches, exiting.
Thu Feb 13 23:37:03 UTC 2025
