Removing conda
Loading conda
Thu Feb 13 23:21:27 UTC 2025
SWOT_L2_HR_PIXC_487_009_237R_20230411T032811_20230411T032822_PGC0_01
(191743,)
type: normal
NHDPLUS_H_0401_HU4_GDB
flowlines read-in
exploded
type: normal
NHDPLUS_H_0701_HU4_GDB
flowlines read-in
exploded
type: normal
NHDPLUS_H_0703_HU4_GDB
flowlines read-in
exploded
INFO: Pandarallel will run on 32 workers.
INFO: Pandarallel will use Memory file system to transfer data between the main process and workers.
This granule has no pixels that intersect reaches, exiting.
Thu Feb 13 23:21:42 UTC 2025
