Removing conda
Loading conda
Thu Feb 13 23:25:56 UTC 2025
SWOT_L2_HR_PIXC_502_009_234R_20230426T010710_20230426T010721_PGC0_01
(623517,)
type: normal
NHDPLUS_H_0702_HU4_GDB
flowlines read-in
exploded
type: normal
NHDPLUS_H_0701_HU4_GDB
flowlines read-in
exploded
type: normal
NHDPLUS_H_0703_HU4_GDB
flowlines read-in
exploded
INFO: Pandarallel will run on 24 workers.
INFO: Pandarallel will use Memory file system to transfer data between the main process and workers.
This granule has no pixels that intersect reaches, exiting.
Thu Feb 13 23:26:11 UTC 2025
