Removing conda
Loading conda
Thu Feb 13 23:47:03 UTC 2025
SWOT_L2_HR_PIXC_577_009_228R_20230709T132329_20230709T132340_PGC0_01
(449020,)
type: normal
NHDPLUS_H_1023_HU4_GDB
flowlines read-in
exploded
type: normal
NHDPLUS_H_1024_HU4_GDB
flowlines read-in
exploded
type: normal
NHDPLUS_H_0710_HU4_GDB
flowlines read-in
exploded
INFO: Pandarallel will run on 128 workers.
INFO: Pandarallel will use Memory file system to transfer data between the main process and workers.
This granule has no pixels that intersect reaches, exiting.
Thu Feb 13 23:47:34 UTC 2025
