Removing conda
Loading conda
Thu Feb 13 23:32:44 UTC 2025
SWOT_L2_HR_PIXC_534_009_231L_20230527T200650_20230527T200701_PGC0_01
(351081,)
type: normal
NHDPLUS_H_0702_HU4_GDB
flowlines read-in
exploded
type: normal
NHDPLUS_H_1023_HU4_GDB
flowlines read-in
exploded
type: normal
NHDPLUS_H_0710_HU4_GDB
flowlines read-in
exploded
INFO: Pandarallel will run on 128 workers.
INFO: Pandarallel will use Memory file system to transfer data between the main process and workers.
This granule has no pixels that intersect reaches, exiting.
Thu Feb 13 23:33:08 UTC 2025
