Removing conda
Loading conda
Thu Feb 13 23:31:01 UTC 2025
SWOT_L2_HR_PIXC_522_009_234R_20230515T215945_20230515T215956_PGC0_01
(669301,)
type: normal
NHDPLUS_H_0702_HU4_GDB
flowlines read-in
exploded
type: normal
NHDPLUS_H_0701_HU4_GDB
flowlines read-in
exploded
type: normal
NHDPLUS_H_0703_HU4_GDB
flowlines read-in
exploded
INFO: Pandarallel will run on 64 workers.
INFO: Pandarallel will use Memory file system to transfer data between the main process and workers.
This granule has no pixels that intersect reaches, exiting.
Thu Feb 13 23:31:18 UTC 2025
