Removing conda
Loading conda
Thu Feb 13 23:39:09 UTC 2025
SWOT_L2_HR_PIXC_555_009_233R_20230617T165024_20230617T165035_PGC0_01
(244327,)
type: normal
NHDPLUS_H_0702_HU4_GDB
flowlines read-in
exploded
type: normal
NHDPLUS_H_0701_HU4_GDB
flowlines read-in
exploded
type: normal
NHDPLUS_H_0704_HU4_GDB
flowlines read-in
exploded
INFO: Pandarallel will run on 64 workers.
INFO: Pandarallel will use Memory file system to transfer data between the main process and workers.
This granule has no pixels that intersect reaches, exiting.
Thu Feb 13 23:39:28 UTC 2025
