Removing conda
Loading conda
Thu Feb 13 23:22:35 UTC 2025
SWOT_L2_HR_PIXC_491_009_233R_20230415T025004_20230415T025015_PGC0_01
(447320,)
type: normal
NHDPLUS_H_0702_HU4_GDB
flowlines read-in
exploded
type: normal
NHDPLUS_H_0701_HU4_GDB
flowlines read-in
exploded
type: normal
NHDPLUS_H_0704_HU4_GDB
flowlines read-in
exploded
INFO: Pandarallel will run on 32 workers.
INFO: Pandarallel will use Memory file system to transfer data between the main process and workers.
This granule has no pixels that intersect reaches, exiting.
Thu Feb 13 23:22:56 UTC 2025
