Removing conda
Loading conda
Thu Feb 13 23:41:32 UTC 2025
SWOT_L2_HR_PIXC_562_009_238R_20230624T154540_20230624T154551_PGC0_01
(231449,)
type: normal
NHDPLUS_H_0401_HU4_GDB
flowlines read-in
exploded
type: normal
NHDPLUS_H_0701_HU4_GDB
flowlines read-in
exploded
type: normal
NHDPLUS_H_0903_HU4_GDB
flowlines read-in
exploded
INFO: Pandarallel will run on 128 workers.
INFO: Pandarallel will use Memory file system to transfer data between the main process and workers.
This granule has no pixels that intersect reaches, exiting.
Thu Feb 13 23:41:48 UTC 2025
