Removing conda
Loading conda
Thu Feb 13 23:42:51 UTC 2025
SWOT_L2_HR_PIXC_565_009_238R_20230627T151733_20230627T151744_PGC0_01
(232603,)
type: normal
NHDPLUS_H_0401_HU4_GDB
flowlines read-in
exploded
type: normal
NHDPLUS_H_0701_HU4_GDB
flowlines read-in
exploded
type: normal
NHDPLUS_H_0903_HU4_GDB
flowlines read-in
exploded
INFO: Pandarallel will run on 128 workers.
INFO: Pandarallel will use Memory file system to transfer data between the main process and workers.
This granule has no pixels that intersect reaches, exiting.
Thu Feb 13 23:43:08 UTC 2025
