Removing conda
Loading conda
Thu Feb 13 23:44:32 UTC 2025
SWOT_L2_HR_PIXC_567_009_234R_20230629T145809_20230629T145820_PGC0_01
(511750,)
type: normal
NHDPLUS_H_0702_HU4_GDB
flowlines read-in
exploded
type: normal
NHDPLUS_H_0701_HU4_GDB
flowlines read-in
exploded
type: normal
NHDPLUS_H_0703_HU4_GDB
flowlines read-in
exploded
INFO: Pandarallel will run on 24 workers.
INFO: Pandarallel will use Memory file system to transfer data between the main process and workers.
This granule has no pixels that intersect reaches, exiting.
Thu Feb 13 23:44:46 UTC 2025
