Removing conda
Loading conda
Thu Feb 13 22:10:16 UTC 2025
SWOT_L2_HR_PIXC_480_009_228R_20230404T043216_20230404T043227_PGC0_01
(675370,)
type: normal
NHDPLUS_H_1023_HU4_GDB
flowlines read-in
exploded
type: normal
NHDPLUS_H_1024_HU4_GDB
flowlines read-in
exploded
type: normal
NHDPLUS_H_0710_HU4_GDB
flowlines read-in
exploded
INFO: Pandarallel will run on 48 workers.
INFO: Pandarallel will use Memory file system to transfer data between the main process and workers.
This granule has no pixels that intersect reaches, exiting.
Thu Feb 13 22:10:46 UTC 2025
