Removing conda
Loading conda
Thu Feb 13 23:44:34 UTC 2025
SWOT_L2_HR_PIXC_567_009_237R_20230629T145839_20230629T145850_PGC0_01
(212181,)
type: normal
NHDPLUS_H_0401_HU4_GDB
flowlines read-in
exploded
type: normal
NHDPLUS_H_0701_HU4_GDB
flowlines read-in
exploded
type: normal
NHDPLUS_H_0703_HU4_GDB
flowlines read-in
exploded
INFO: Pandarallel will run on 32 workers.
INFO: Pandarallel will use Memory file system to transfer data between the main process and workers.
This granule has no pixels that intersect reaches, exiting.
Thu Feb 13 23:44:52 UTC 2025
