Removing conda
Loading conda
Thu Feb 13 23:39:10 UTC 2025
SWOT_L2_HR_PIXC_555_009_237R_20230617T165104_20230617T165115_PGC0_01
(232361,)
type: normal
NHDPLUS_H_0401_HU4_GDB
flowlines read-in
exploded
type: normal
NHDPLUS_H_0701_HU4_GDB
flowlines read-in
exploded
type: normal
NHDPLUS_H_0703_HU4_GDB
flowlines read-in
exploded
INFO: Pandarallel will run on 64 workers.
INFO: Pandarallel will use Memory file system to transfer data between the main process and workers.
This granule has no pixels that intersect reaches, exiting.
Thu Feb 13 23:39:34 UTC 2025
