Removing conda
Loading conda
Thu Feb 13 23:28:46 UTC 2025
SWOT_L2_HR_PIXC_512_009_238R_20230505T233408_20230505T233419_PGC0_01
(302398,)
type: normal
NHDPLUS_H_0401_HU4_GDB
flowlines read-in
exploded
type: normal
NHDPLUS_H_0701_HU4_GDB
flowlines read-in
exploded
type: normal
NHDPLUS_H_0903_HU4_GDB
flowlines read-in
exploded
INFO: Pandarallel will run on 32 workers.
INFO: Pandarallel will use Memory file system to transfer data between the main process and workers.
This granule has no pixels that intersect reaches, exiting.
Thu Feb 13 23:29:02 UTC 2025
