Removing conda
Loading conda
Thu Feb 13 23:22:00 UTC 2025
SWOT_L2_HR_PIXC_490_009_227L_20230414T025826_20230414T025837_PGC0_01
(3276887,)
type: normal
NHDPLUS_H_1023_HU4_GDB
flowlines read-in
exploded
type: normal
NHDPLUS_H_1024_HU4_GDB
flowlines read-in
exploded
type: normal
NHDPLUS_H_1020_HU4_GDB
flowlines read-in
exploded
INFO: Pandarallel will run on 64 workers.
INFO: Pandarallel will use Memory file system to transfer data between the main process and workers.
This granule has no pixels that intersect reaches, exiting.
Thu Feb 13 23:22:41 UTC 2025
