Removing conda
Loading conda
Thu Feb 13 23:34:28 UTC 2025
SWOT_L2_HR_PIXC_540_009_231L_20230602T191037_20230602T191048_PGC0_01
(364466,)
type: normal
NHDPLUS_H_0702_HU4_GDB
flowlines read-in
exploded
type: normal
NHDPLUS_H_1023_HU4_GDB
flowlines read-in
exploded
type: normal
NHDPLUS_H_0710_HU4_GDB
flowlines read-in
exploded
INFO: Pandarallel will run on 64 workers.
INFO: Pandarallel will use Memory file system to transfer data between the main process and workers.
This granule has no pixels that intersect reaches, exiting.
Thu Feb 13 23:34:52 UTC 2025
