Removing conda
Loading conda
Thu Feb 13 23:32:44 UTC 2025
SWOT_L2_HR_PIXC_534_009_238R_20230527T200800_20230527T200811_PGC0_01
(229846,)
type: normal
NHDPLUS_H_0401_HU4_GDB
flowlines read-in
exploded
type: normal
NHDPLUS_H_0701_HU4_GDB
flowlines read-in
exploded
type: normal
NHDPLUS_H_0903_HU4_GDB
flowlines read-in
exploded
INFO: Pandarallel will run on 64 workers.
INFO: Pandarallel will use Memory file system to transfer data between the main process and workers.
This granule has no pixels that intersect reaches, exiting.
Thu Feb 13 23:32:59 UTC 2025
