Removing conda
Loading conda
Thu Feb 13 22:10:15 UTC 2025
SWOT_L2_HR_PIXC_480_009_227L_20230404T043206_20230404T043217_PGC0_01
(3281248,)
type: normal
NHDPLUS_H_1023_HU4_GDB
flowlines read-in
exploded
type: normal
NHDPLUS_H_1024_HU4_GDB
flowlines read-in
exploded
type: normal
NHDPLUS_H_1020_HU4_GDB
flowlines read-in
exploded
INFO: Pandarallel will run on 48 workers.
INFO: Pandarallel will use Memory file system to transfer data between the main process and workers.
This granule has no pixels that intersect reaches, exiting.
Thu Feb 13 22:10:50 UTC 2025
