Removing conda
Loading conda
Thu Feb 13 23:35:04 UTC 2025
SWOT_L2_HR_PIXC_542_009_231L_20230604T185153_20230604T185204_PGC0_02
(365687,)
type: normal
NHDPLUS_H_0702_HU4_GDB
flowlines read-in
exploded
type: normal
NHDPLUS_H_1023_HU4_GDB
flowlines read-in
exploded
type: normal
NHDPLUS_H_0710_HU4_GDB
flowlines read-in
exploded
INFO: Pandarallel will run on 128 workers.
INFO: Pandarallel will use Memory file system to transfer data between the main process and workers.
This granule has no pixels that intersect reaches, exiting.
Thu Feb 13 23:35:28 UTC 2025
