Removing conda
Loading conda
Thu Feb 13 23:26:31 UTC 2025
SWOT_L2_HR_PIXC_505_009_231L_20230429T003834_20230429T003845_PGC0_01
(414755,)
type: normal
NHDPLUS_H_0702_HU4_GDB
flowlines read-in
exploded
type: normal
NHDPLUS_H_1023_HU4_GDB
flowlines read-in
exploded
type: normal
NHDPLUS_H_0710_HU4_GDB
flowlines read-in
exploded
INFO: Pandarallel will run on 64 workers.
INFO: Pandarallel will use Memory file system to transfer data between the main process and workers.
This granule has no pixels that intersect reaches, exiting.
Thu Feb 13 23:26:55 UTC 2025
