Removing conda
Loading conda
Thu Feb 13 23:37:59 UTC 2025
SWOT_L2_HR_PIXC_550_009_238R_20230612T173805_20230612T173816_PGC0_01
(195349,)
type: normal
NHDPLUS_H_0401_HU4_GDB
flowlines read-in
exploded
type: normal
NHDPLUS_H_0701_HU4_GDB
flowlines read-in
exploded
type: normal
NHDPLUS_H_0903_HU4_GDB
flowlines read-in
exploded
INFO: Pandarallel will run on 32 workers.
INFO: Pandarallel will use Memory file system to transfer data between the main process and workers.
This granule has no pixels that intersect reaches, exiting.
Thu Feb 13 23:38:15 UTC 2025
