Removing conda
Loading conda
Thu Feb 13 23:25:23 UTC 2025
SWOT_L2_HR_PIXC_500_009_233R_20230424T012545_20230424T012556_PGC0_01
(233323,)
type: normal
NHDPLUS_H_0702_HU4_GDB
flowlines read-in
exploded
type: normal
NHDPLUS_H_0701_HU4_GDB
flowlines read-in
exploded
type: normal
NHDPLUS_H_0704_HU4_GDB
flowlines read-in
exploded
INFO: Pandarallel will run on 24 workers.
INFO: Pandarallel will use Memory file system to transfer data between the main process and workers.
This granule has no pixels that intersect reaches, exiting.
Thu Feb 13 23:25:41 UTC 2025
