Removing conda
Loading conda
Thu Feb 13 23:37:22 UTC 2025
SWOT_L2_HR_PIXC_548_009_238R_20230610T175649_20230610T175700_PGC0_01
(159965,)
type: normal
NHDPLUS_H_0401_HU4_GDB
flowlines read-in
exploded
type: normal
NHDPLUS_H_0701_HU4_GDB
flowlines read-in
exploded
type: normal
NHDPLUS_H_0903_HU4_GDB
flowlines read-in
exploded
INFO: Pandarallel will run on 24 workers.
INFO: Pandarallel will use Memory file system to transfer data between the main process and workers.
This granule has no pixels that intersect reaches, exiting.
Thu Feb 13 23:37:36 UTC 2025
