Removing conda
Loading conda
Thu Feb 13 23:39:10 UTC 2025
SWOT_L2_HR_PIXC_555_009_228R_20230617T164934_20230617T164945_PGC0_01
(452347,)
type: normal
NHDPLUS_H_1023_HU4_GDB
flowlines read-in
exploded
type: normal
NHDPLUS_H_1024_HU4_GDB
flowlines read-in
exploded
type: normal
NHDPLUS_H_0710_HU4_GDB
flowlines read-in
exploded
INFO: Pandarallel will run on 128 workers.
INFO: Pandarallel will use Memory file system to transfer data between the main process and workers.
This granule has no pixels that intersect reaches, exiting.
Thu Feb 13 23:39:40 UTC 2025
