Removing conda
Loading conda
Thu Feb 13 23:32:42 UTC 2025
SWOT_L2_HR_PIXC_533_009_233R_20230526T201632_20230526T201643_PGC0_01
(302127,)
type: normal
NHDPLUS_H_0702_HU4_GDB
flowlines read-in
exploded
type: normal
NHDPLUS_H_0701_HU4_GDB
flowlines read-in
exploded
type: normal
NHDPLUS_H_0704_HU4_GDB
flowlines read-in
exploded
INFO: Pandarallel will run on 128 workers.
INFO: Pandarallel will use Memory file system to transfer data between the main process and workers.
This granule has no pixels that intersect reaches, exiting.
Thu Feb 13 23:32:58 UTC 2025
