Removing conda
Loading conda
Thu Feb 13 23:45:50 UTC 2025
SWOT_L2_HR_PIXC_573_009_233R_20230705T140147_20230705T140158_PGC0_01
(235600,)
type: normal
NHDPLUS_H_0702_HU4_GDB
flowlines read-in
exploded
type: normal
NHDPLUS_H_0701_HU4_GDB
flowlines read-in
exploded
type: normal
NHDPLUS_H_0704_HU4_GDB
flowlines read-in
exploded
INFO: Pandarallel will run on 64 workers.
INFO: Pandarallel will use Memory file system to transfer data between the main process and workers.
This granule has no pixels that intersect reaches, exiting.
Thu Feb 13 23:46:10 UTC 2025
