Removing conda
Loading conda
Thu Feb 13 23:20:52 UTC 2025
SWOT_L2_HR_PIXC_485_009_234R_20230409T034625_20230409T034636_PGC0_01
(1014746,)
type: normal
NHDPLUS_H_0702_HU4_GDB
flowlines read-in
exploded
type: normal
NHDPLUS_H_0701_HU4_GDB
flowlines read-in
exploded
type: normal
NHDPLUS_H_0703_HU4_GDB
flowlines read-in
exploded
INFO: Pandarallel will run on 24 workers.
INFO: Pandarallel will use Memory file system to transfer data between the main process and workers.
This granule has no pixels that intersect reaches, exiting.
Thu Feb 13 23:21:08 UTC 2025
