Removing conda
Loading conda
Thu Feb 13 23:42:51 UTC 2025
SWOT_L2_HR_PIXC_565_009_234R_20230627T151654_20230627T151705_PGC0_01
(595429,)
type: normal
NHDPLUS_H_0702_HU4_GDB
flowlines read-in
exploded
type: normal
NHDPLUS_H_0701_HU4_GDB
flowlines read-in
exploded
type: normal
NHDPLUS_H_0703_HU4_GDB
flowlines read-in
exploded
INFO: Pandarallel will run on 128 workers.
INFO: Pandarallel will use Memory file system to transfer data between the main process and workers.
This granule has no pixels that intersect reaches, exiting.
Thu Feb 13 23:43:11 UTC 2025
