Removing conda
Loading conda
Thu Feb 13 21:57:15 UTC 2025
SWOT_L2_HR_PIXC_015_063_232R_20240510T135312_20240510T135323_PIC0_01
(277227,)
type: normal
NHDPLUS_H_0108_HU4_GDB
flowlines read-in
exploded
type: normal
NHDPLUS_H_0430_HU4_GDB
flowlines read-in
exploded
INFO: Pandarallel will run on 128 workers.
INFO: Pandarallel will use Memory file system to transfer data between the main process and workers.
/work/pi_cjgleason_umass_edu/.conda/envs/narrowPIXC/lib/python3.12/site-packages/geopandas/geodataframe.py:1819: SettingWithCopyWarning: 
A value is trying to be set on a copy of a slice from a DataFrame.
Try using .loc[row_indexer,col_indexer] = value instead

See the caveats in the documentation: https://pandas.pydata.org/pandas-docs/stable/user_guide/indexing.html#returning-a-view-versus-a-copy
  super().__setitem__(key, value)
Indices: [4, 31]
type: segmented
NHDPLUS_H_0108_HU4_GDB
/nas/cee-water/cjgleason/fiona/narrow_rivers_PIXC_data/NHD_prepped_segmented/HUC2_01/NHDPLUS_H_0108_HU4_GDB_prepped_segmented.parquet
segments read-in
type: segmented
NHDPLUS_H_0430_HU4_GDB
/nas/cee-water/cjgleason/fiona/narrow_rivers_PIXC_data/NHD_prepped_segmented/HUC2_04/NHDPLUS_H_0430_HU4_GDB_prepped_segmented.parquet
segments read-in
/var/spool/slurm/slurmd/job28922157/slurm_script: line 21: 1907961 Killed                  python3 evalCoverage.py mean
Thu Feb 13 22:02:09 UTC 2025
slurmstepd-zhoulin-cpu006: error: Detected 20 oom_kill events in StepId=28922157.batch. Some of the step tasks have been OOM Killed.
