Removing conda
Loading conda
Thu Feb 13 23:26:31 UTC 2025
SWOT_L2_HR_PIXC_505_009_234R_20230429T003904_20230429T003915_PGC0_01
(561775,)
type: normal
NHDPLUS_H_0702_HU4_GDB
flowlines read-in
exploded
type: normal
NHDPLUS_H_0701_HU4_GDB
flowlines read-in
exploded
type: normal
NHDPLUS_H_0703_HU4_GDB
flowlines read-in
exploded
INFO: Pandarallel will run on 64 workers.
INFO: Pandarallel will use Memory file system to transfer data between the main process and workers.
This granule has no pixels that intersect reaches, exiting.
Thu Feb 13 23:26:55 UTC 2025
