Removing conda
Loading conda
Thu Feb 13 23:27:05 UTC 2025
SWOT_L2_HR_PIXC_507_009_227L_20230501T001910_20230501T001921_PGC0_01
(3498834,)
type: normal
NHDPLUS_H_1023_HU4_GDB
flowlines read-in
exploded
type: normal
NHDPLUS_H_1024_HU4_GDB
flowlines read-in
exploded
type: normal
NHDPLUS_H_1020_HU4_GDB
flowlines read-in
exploded
INFO: Pandarallel will run on 128 workers.
INFO: Pandarallel will use Memory file system to transfer data between the main process and workers.
This granule has no pixels that intersect reaches, exiting.
Thu Feb 13 23:27:43 UTC 2025
