Removing conda
Loading conda
Thu Feb 13 23:31:35 UTC 2025
SWOT_L2_HR_PIXC_523_009_234R_20230516T215023_20230516T215034_PGC0_01
(569922,)
type: normal
NHDPLUS_H_0702_HU4_GDB
flowlines read-in
exploded
type: normal
NHDPLUS_H_0701_HU4_GDB
flowlines read-in
exploded
type: normal
NHDPLUS_H_0703_HU4_GDB
flowlines read-in
exploded
INFO: Pandarallel will run on 128 workers.
INFO: Pandarallel will use Memory file system to transfer data between the main process and workers.
This granule has no pixels that intersect reaches, exiting.
Thu Feb 13 23:31:50 UTC 2025
