Removing conda
Loading conda
Thu Feb 13 23:31:01 UTC 2025
SWOT_L2_HR_PIXC_521_009_237R_20230514T220937_20230514T220948_PGC0_01
(262157,)
type: normal
NHDPLUS_H_0401_HU4_GDB
flowlines read-in
exploded
type: normal
NHDPLUS_H_0701_HU4_GDB
flowlines read-in
exploded
type: normal
NHDPLUS_H_0703_HU4_GDB
flowlines read-in
exploded
INFO: Pandarallel will run on 128 workers.
INFO: Pandarallel will use Memory file system to transfer data between the main process and workers.
This granule has no pixels that intersect reaches, exiting.
Thu Feb 13 23:31:14 UTC 2025
