Removing conda
Loading conda
Thu Feb 13 22:09:50 UTC 2025
SWOT_L2_HR_PIXC_476_009_234R_20230331T051044_20230331T051055_PGC0_01
(940796,)
type: normal
NHDPLUS_H_0702_HU4_GDB
flowlines read-in
exploded
type: normal
NHDPLUS_H_0701_HU4_GDB
flowlines read-in
exploded
type: normal
NHDPLUS_H_0703_HU4_GDB
flowlines read-in
exploded
INFO: Pandarallel will run on 128 workers.
INFO: Pandarallel will use Memory file system to transfer data between the main process and workers.
This granule has no pixels that intersect reaches, exiting.
Thu Feb 13 22:10:09 UTC 2025
