Removing conda
Loading conda
Thu Feb 13 23:34:26 UTC 2025
SWOT_L2_HR_PIXC_539_009_227L_20230601T191919_20230601T191930_PGC0_01
(2752324,)
type: normal
NHDPLUS_H_1023_HU4_GDB
flowlines read-in
exploded
type: normal
NHDPLUS_H_1024_HU4_GDB
flowlines read-in
exploded
type: normal
NHDPLUS_H_1020_HU4_GDB
flowlines read-in
exploded
INFO: Pandarallel will run on 24 workers.
INFO: Pandarallel will use Memory file system to transfer data between the main process and workers.
This granule has no pixels that intersect reaches, exiting.
Thu Feb 13 23:35:06 UTC 2025
