Removing conda
Loading conda
Thu Feb 13 23:26:30 UTC 2025
SWOT_L2_HR_PIXC_505_009_237R_20230429T003934_20230429T003945_PGC0_01
(447905,)
type: normal
NHDPLUS_H_0401_HU4_GDB
flowlines read-in
exploded
type: normal
NHDPLUS_H_0701_HU4_GDB
flowlines read-in
exploded
type: normal
NHDPLUS_H_0703_HU4_GDB
flowlines read-in
exploded
INFO: Pandarallel will run on 128 workers.
INFO: Pandarallel will use Memory file system to transfer data between the main process and workers.
This granule has no pixels that intersect reaches, exiting.
Thu Feb 13 23:26:50 UTC 2025
