Removing conda
Loading conda
Thu Feb 13 22:08:09 UTC 2025
SWOT_L2_HR_PIXC_022_576_076R_20241021T223504_20241021T223515_PIC2_01
(611056,)
type: normal
NHDPLUS_H_0430_HU4_GDB
flowlines read-in
exploded
INFO: Pandarallel will run on 128 workers.
INFO: Pandarallel will use Memory file system to transfer data between the main process and workers.
/work/pi_cjgleason_umass_edu/.conda/envs/narrowPIXC/lib/python3.12/site-packages/geopandas/geodataframe.py:1819: SettingWithCopyWarning: 
A value is trying to be set on a copy of a slice from a DataFrame.
Try using .loc[row_indexer,col_indexer] = value instead

See the caveats in the documentation: https://pandas.pydata.org/pandas-docs/stable/user_guide/indexing.html#returning-a-view-versus-a-copy
  super().__setitem__(key, value)
Indices: [31]
type: segmented
NHDPLUS_H_0430_HU4_GDB
/nas/cee-water/cjgleason/fiona/narrow_rivers_PIXC_data/NHD_prepped_segmented/HUC2_04/NHDPLUS_H_0430_HU4_GDB_prepped_segmented.parquet
segments read-in
/var/spool/slurm/slurmd/job28923720/slurm_script: line 21: 2346802 Killed                  python3 evalCoverage.py mean
Thu Feb 13 22:10:56 UTC 2025
slurmstepd-zhoulin-cpu001: error: Detected 1 oom_kill event in StepId=28923720.batch. Some of the step tasks have been OOM Killed.
