Removing conda
Loading conda
Thu Feb 13 23:29:53 UTC 2025
SWOT_L2_HR_PIXC_517_009_234R_20230510T224637_20230510T224648_PGC0_01
(664499,)
type: normal
NHDPLUS_H_0702_HU4_GDB
flowlines read-in
exploded
type: normal
NHDPLUS_H_0701_HU4_GDB
flowlines read-in
exploded
type: normal
NHDPLUS_H_0703_HU4_GDB
flowlines read-in
exploded
INFO: Pandarallel will run on 64 workers.
INFO: Pandarallel will use Memory file system to transfer data between the main process and workers.
This granule has no pixels that intersect reaches, exiting.
Thu Feb 13 23:30:20 UTC 2025
