Removing conda
Loading conda
Thu Feb 13 21:39:13 UTC 2025
SWOT_L2_HR_PIXC_006_270_081L_20231112T041148_20231112T041157_PGC0_01
(6839388,)
type: normal
NHDPLUS_H_0109_HU4_GDB
flowlines read-in
exploded
INFO: Pandarallel will run on 64 workers.
INFO: Pandarallel will use Memory file system to transfer data between the main process and workers.
/work/pi_cjgleason_umass_edu/.conda/envs/narrowPIXC/lib/python3.12/site-packages/geopandas/geodataframe.py:1819: SettingWithCopyWarning: 
A value is trying to be set on a copy of a slice from a DataFrame.
Try using .loc[row_indexer,col_indexer] = value instead

See the caveats in the documentation: https://pandas.pydata.org/pandas-docs/stable/user_guide/indexing.html#returning-a-view-versus-a-copy
  super().__setitem__(key, value)
Indices: [5]
type: segmented
NHDPLUS_H_0109_HU4_GDB
/nas/cee-water/cjgleason/fiona/narrow_rivers_PIXC_data/NHD_prepped_segmented/HUC2_01/NHDPLUS_H_0109_HU4_GDB_prepped_segmented.parquet
segments read-in
Script completed, wrote out results.
Thu Feb 13 21:40:11 UTC 2025
