Removing conda
Loading conda
Thu Feb 13 23:24:16 UTC 2025
SWOT_L2_HR_PIXC_498_009_231L_20230422T014409_20230422T014420_PGC0_01
(411040,)
type: normal
NHDPLUS_H_0702_HU4_GDB
flowlines read-in
exploded
type: normal
NHDPLUS_H_1023_HU4_GDB
flowlines read-in
exploded
type: normal
NHDPLUS_H_0710_HU4_GDB
flowlines read-in
exploded
INFO: Pandarallel will run on 64 workers.
INFO: Pandarallel will use Memory file system to transfer data between the main process and workers.
This granule has no pixels that intersect reaches, exiting.
Thu Feb 13 23:24:46 UTC 2025
