Removing conda
Loading conda
Thu Feb 13 23:24:50 UTC 2025
SWOT_L2_HR_PIXC_499_009_234R_20230423T013517_20230423T013528_PGC0_01
(602541,)
type: normal
NHDPLUS_H_0702_HU4_GDB
flowlines read-in
exploded
type: normal
NHDPLUS_H_0701_HU4_GDB
flowlines read-in
exploded
type: normal
NHDPLUS_H_0703_HU4_GDB
flowlines read-in
exploded
INFO: Pandarallel will run on 64 workers.
INFO: Pandarallel will use Memory file system to transfer data between the main process and workers.
This granule has no pixels that intersect reaches, exiting.
Thu Feb 13 23:25:11 UTC 2025
