Removing conda
Loading conda
Thu Feb 13 23:29:54 UTC 2025
SWOT_L2_HR_PIXC_516_009_237R_20230509T225629_20230509T225640_PGC0_01
(261872,)
type: normal
NHDPLUS_H_0401_HU4_GDB
flowlines read-in
exploded
type: normal
NHDPLUS_H_0701_HU4_GDB
flowlines read-in
exploded
type: normal
NHDPLUS_H_0703_HU4_GDB
flowlines read-in
exploded
INFO: Pandarallel will run on 32 workers.
INFO: Pandarallel will use Memory file system to transfer data between the main process and workers.
This granule has no pixels that intersect reaches, exiting.
Thu Feb 13 23:30:11 UTC 2025
