Removing conda
Loading conda
Thu Feb 13 21:42:34 UTC 2025
SWOT_L2_HR_PIXC_011_020_080L_20240215T133518_20240215T133529_PIC0_01
(548302,)
type: normal
NHDPLUS_H_0110_HU4_GDB
flowlines read-in
exploded
type: normal
NHDPLUS_H_0202_HU4_GDB
flowlines read-in
exploded
INFO: Pandarallel will run on 128 workers.
INFO: Pandarallel will use Memory file system to transfer data between the main process and workers.
/work/pi_cjgleason_umass_edu/.conda/envs/narrowPIXC/lib/python3.12/site-packages/geopandas/geodataframe.py:1819: SettingWithCopyWarning: 
A value is trying to be set on a copy of a slice from a DataFrame.
Try using .loc[row_indexer,col_indexer] = value instead

See the caveats in the documentation: https://pandas.pydata.org/pandas-docs/stable/user_guide/indexing.html#returning-a-view-versus-a-copy
  super().__setitem__(key, value)
Indices: [6, 7]
type: segmented
NHDPLUS_H_0110_HU4_GDB
/nas/cee-water/cjgleason/fiona/narrow_rivers_PIXC_data/NHD_prepped_segmented/HUC2_01/NHDPLUS_H_0110_HU4_GDB_prepped_segmented.parquet
segments read-in
type: segmented
NHDPLUS_H_0202_HU4_GDB
/nas/cee-water/cjgleason/fiona/narrow_rivers_PIXC_data/NHD_prepped_segmented/HUC2_02/NHDPLUS_H_0202_HU4_GDB_prepped_segmented.parquet
segments read-in
/var/spool/slurm/slurmd/job28920792/slurm_script: line 21: 3200212 Killed                  python3 evalCoverage.py mean
Thu Feb 13 21:46:10 UTC 2025
slurmstepd-zhoulin-cpu002: error: Detected 1 oom_kill event in StepId=28920792.batch. Some of the step tasks have been OOM Killed.
