Removing conda
Loading conda
Thu Feb 13 23:40:20 UTC 2025
SWOT_L2_HR_PIXC_558_009_237R_20230620T162258_20230620T162309_PGC0_01
(225432,)
type: normal
NHDPLUS_H_0401_HU4_GDB
flowlines read-in
exploded
type: normal
NHDPLUS_H_0701_HU4_GDB
flowlines read-in
exploded
type: normal
NHDPLUS_H_0703_HU4_GDB
flowlines read-in
exploded
INFO: Pandarallel will run on 128 workers.
INFO: Pandarallel will use Memory file system to transfer data between the main process and workers.
This granule has no pixels that intersect reaches, exiting.
Thu Feb 13 23:40:33 UTC 2025
