Removing conda
Loading conda
Thu Feb 13 23:28:12 UTC 2025
SWOT_L2_HR_PIXC_512_009_227L_20230505T233218_20230505T233229_PGC0_01
(3084866,)
type: normal
NHDPLUS_H_1023_HU4_GDB
flowlines read-in
exploded
type: normal
NHDPLUS_H_1024_HU4_GDB
flowlines read-in
exploded
type: normal
NHDPLUS_H_1020_HU4_GDB
flowlines read-in
exploded
INFO: Pandarallel will run on 64 workers.
INFO: Pandarallel will use Memory file system to transfer data between the main process and workers.
This granule has no pixels that intersect reaches, exiting.
Thu Feb 13 23:28:52 UTC 2025
