Removing conda
Loading conda
Thu Dec  5 22:33:59 UTC 2024
/work/pi_cjgleason_umass_edu/.conda/envs/narrowPIXC/lib/python3.12/site-packages/geopandas/geodataframe.py:1819: SettingWithCopyWarning: 
A value is trying to be set on a copy of a slice from a DataFrame.
Try using .loc[row_indexer,col_indexer] = value instead

See the caveats in the documentation: https://pandas.pydata.org/pandas-docs/stable/user_guide/indexing.html#returning-a-view-versus-a-copy
  super().__setitem__(key, value)
(297525,)
NHDPLUS_H_0101_HU4_GDB
read in
exploded
INFO: Pandarallel will run on 64 workers.
INFO: Pandarallel will use Memory file system to transfer data between the main process and workers.
read in
Traceback (most recent call last):
  File "/nas/cee-water/cjgleason/fiona/narrow_rivers_PIXC/evalCoverage.py", line 277, in <module>
    dissolved['pseudo_geom_clip'] = dissolved.parallel_apply(user_defined_function=specialClip,
    ~~~~~~~~~^^^^^^^^^^^^^^^^^^^^
  File "/work/pi_cjgleason_umass_edu/.conda/envs/narrowPIXC/lib/python3.12/site-packages/geopandas/geodataframe.py", line 1819, in __setitem__
    super().__setitem__(key, value)
  File "/work/pi_cjgleason_umass_edu/.conda/envs/narrowPIXC/lib/python3.12/site-packages/pandas/core/frame.py", line 4301, in __setitem__
    self._set_item_frame_value(key, value)
  File "/work/pi_cjgleason_umass_edu/.conda/envs/narrowPIXC/lib/python3.12/site-packages/pandas/core/frame.py", line 4464, in _set_item_frame_value
    raise ValueError(
ValueError: Cannot set a DataFrame without columns to the column pseudo_geom_clip
Thu Dec  5 22:46:23 UTC 2024
Script completed.
