Removing miniconda version 22.11.1-1
Loading miniconda version 22.11.1-1
Mon Jul 15 19:21:07 UTC 2024
/work/pi_cjgleason_umass_edu/.conda/envs/small-rivers-1/lib/python3.12/site-packages/pyogrio/raw.py:196: UserWarning: Measured (M) geometry types are not supported. Original type 'Measured 3D MultiLineString' is converted to 'MultiLineString Z'
  return ogr_read(
Traceback (most recent call last):
  File "/nas/cee-water/cjgleason/fiona/narrow_rivers_PIXC/prepNHD.py", line 116, in <module>
    prepNHD(data_path)
  File "/nas/cee-water/cjgleason/fiona/narrow_rivers_PIXC/prepNHD.py", line 113, in prepNHD
    basin.to_file(os.path.join(save_path, save_file), driver='GPKG')
  File "/work/pi_cjgleason_umass_edu/.conda/envs/small-rivers-1/lib/python3.12/site-packages/geopandas/geodataframe.py", line 1536, in to_file
    _to_file(self, filename, driver, schema, index, **kwargs)
  File "/work/pi_cjgleason_umass_edu/.conda/envs/small-rivers-1/lib/python3.12/site-packages/geopandas/io/file.py", line 686, in _to_file
    _to_file_pyogrio(df, filename, driver, schema, crs, mode, metadata, **kwargs)
  File "/work/pi_cjgleason_umass_edu/.conda/envs/small-rivers-1/lib/python3.12/site-packages/geopandas/io/file.py", line 748, in _to_file_pyogrio
    pyogrio.write_dataframe(df, filename, driver=driver, metadata=metadata, **kwargs)
  File "/work/pi_cjgleason_umass_edu/.conda/envs/small-rivers-1/lib/python3.12/site-packages/pyogrio/geopandas.py", line 654, in write_dataframe
    write(
  File "/work/pi_cjgleason_umass_edu/.conda/envs/small-rivers-1/lib/python3.12/site-packages/pyogrio/raw.py", line 709, in write
    ogr_write(
  File "pyogrio/_io.pyx", line 2486, in pyogrio._io.ogr_write
pyogrio.errors.FeatureError: Could not add feature to layer at index 0: sqlite3_exec(CREATE TABLE "NHDPLUS_H_0512_HU4_GDB_prepped" ( "fid" INTEGER PRIMARY KEY AUTOINCREMENT NOT NULL, "geom" MULTILINESTRING, "Permanent_Identifier" TEXT, "FDate" DATETIME, "Resolution" MEDIUMINT, "GNIS_ID" TEXT, "GNIS_Name" TEXT, "LengthKM" REAL, "ReachCode" TEXT, "FlowDir" MEDIUMINT, "WBArea_Permanent_Identifier" TEXT, "FType" MEDIUMINT, "FCode" MEDIUMINT, "MainPath" MEDIUMINT, "InNetwork" SMALLINT, "VisibilityFilter" MEDIUMINT, "Shape_Length" REAL, "NHDPlusID" REAL, "VPUID" TEXT, "Enabled" SMALLINT, "StreamLeve" SMALLINT, "StreamOrde" SMALLINT, "StreamCalc" SMALLINT, "FromNode" REAL, "ToNode" REAL, "HydroSeq" REAL, "LevelPathI" REAL, "PathLength" REAL, "TerminalPa" REAL, "ArbolateSu" REAL, "Divergence" SMALLINT, "StartFlag" SMALLINT, "TerminalFl" SMALLINT, "UpLevelPat" REAL, "UpHydroSeq" REAL, "DnLevel" SMALLINT, "DnLevelPat" REAL, "DnHydroSeq" REAL, "DnMinorHyd" REAL, "DnDrainCou" SMALLINT, "FromMeas" REAL, "ToMeas" REAL, "RtnDiv" SMALLINT, "Thinner" REAL, "VPUIn" SMALLINT, "VPUOut" SMALLINT, "AreaSqKm" REAL, "TotDASqKm" REAL, "DivDASqKm" REAL, "MaxElevRaw" REAL, "MinElevRaw" REAL, "MaxElevSmo" REAL, "MinElevSmo" REAL, "Slope" REAL, "SlopeLenKm" REAL, "ElevFixed" SMALLINT, "HWType" REAL, "HWNodeSqKm" REAL, "StatusFlag" TEXT, "QAMA" REAL, "VAMA" REAL, "QIncrAMA" REAL, "QBMA" REAL, "VBMA" REAL, "QIncrBMA" REAL, "QCMA" REAL, "VCMA" REAL, "QIncrCMA" REAL, "QDMA" REAL, "VDMA" REAL, "QIncrDMA" REAL, "QEMA" REAL, "VEMA" REAL, "QIncrEMA" REAL, "QFMA" REAL, "QIncrFMA" REAL, "ArQNavMA" REAL, "PETMA" REAL, "QLossMA" REAL, "QGAdjMA" REAL, "QGNavMA" REAL, "GageAdjMA" SMALLINT, "AvgQAdjMA" REAL, "GageIDMA" TEXT, "GageQMA" REAL, "DIVISION" TEXT, "phys_div" TEXT, "a" REAL, "b" REAL, "WidthM" REAL, "Bin" TEXT)) failed: attempt to write a readonly database
Mon Jul 15 19:43:50 UTC 2024
