Removing conda
Loading conda
Fri Feb  7 19:52:45 UTC 2025
(940495,)
type: normal
NHDPLUS_H_0401_HU4_GDB
flowlines read-in
exploded
type: normal
NHDPLUS_H_0701_HU4_GDB
flowlines read-in
exploded
type: normal
NHDPLUS_H_0903_HU4_GDB
flowlines read-in
exploded
INFO: Pandarallel will run on 48 workers.
INFO: Pandarallel will use Memory file system to transfer data between the main process and workers.
This granule has no pixels that intersect reaches, exiting.
Fri Feb  7 19:53:01 UTC 2025
Script completed.
