Removing conda
Loading conda
Sat Feb  8 00:33:47 UTC 2025
(3111277,)
type: normal
NHDPLUS_H_1023_HU4_GDB
flowlines read-in
exploded
type: normal
NHDPLUS_H_1024_HU4_GDB
flowlines read-in
exploded
type: normal
NHDPLUS_H_1020_HU4_GDB
flowlines read-in
exploded
INFO: Pandarallel will run on 128 workers.
INFO: Pandarallel will use Memory file system to transfer data between the main process and workers.
This granule has no pixels that intersect reaches, exiting.
Sat Feb  8 00:34:23 UTC 2025
Script completed.
