Removing conda
Loading conda
Fri Dec  6 02:36:15 UTC 2024
/work/pi_cjgleason_umass_edu/.conda/envs/narrowPIXC/lib/python3.12/site-packages/geopandas/geodataframe.py:1819: SettingWithCopyWarning: 
A value is trying to be set on a copy of a slice from a DataFrame.
Try using .loc[row_indexer,col_indexer] = value instead

See the caveats in the documentation: https://pandas.pydata.org/pandas-docs/stable/user_guide/indexing.html#returning-a-view-versus-a-copy
  super().__setitem__(key, value)
(2841169,)
NHDPLUS_H_0108_HU4_GDB
read in
exploded
NHDPLUS_H_0110_HU4_GDB
read in
exploded
NHDPLUS_H_0203_HU4_GDB
read in
exploded
INFO: Pandarallel will run on 64 workers.
INFO: Pandarallel will use Memory file system to transfer data between the main process and workers.
read in
read in
read in
Fri Dec  6 02:48:57 UTC 2024
Script completed.
