Removing conda
Loading conda
Thu Dec  5 23:09:40 UTC 2024
/work/pi_cjgleason_umass_edu/.conda/envs/narrowPIXC/lib/python3.12/site-packages/geopandas/geodataframe.py:1819: SettingWithCopyWarning: 
A value is trying to be set on a copy of a slice from a DataFrame.
Try using .loc[row_indexer,col_indexer] = value instead

See the caveats in the documentation: https://pandas.pydata.org/pandas-docs/stable/user_guide/indexing.html#returning-a-view-versus-a-copy
  super().__setitem__(key, value)
(823018,)
NHDPLUS_H_0108_HU4_GDB
read in
exploded
NHDPLUS_H_0110_HU4_GDB
read in
exploded
INFO: Pandarallel will run on 128 workers.
INFO: Pandarallel will use Memory file system to transfer data between the main process and workers.
read in
read in
/var/spool/slurm/slurmd/job26602122/slurm_script: line 22: 2948048 Killed                  python3 evalCoverage.py
Thu Dec  5 23:23:20 UTC 2024
Script completed.
slurmstepd-cpu084: error: Detected 2 oom_kill events in StepId=26602122.batch. Some of the step tasks have been OOM Killed.
