Removing conda
Loading conda
Thu Feb 13 21:21:14 UTC 2025
SWOT_L2_HR_PIXC_007_298_083R_20231204T005744_20231204T005751_PGC0_01
(3633178,)
type: normal
NHDPLUS_H_0203_HU4_GDB
flowlines read-in
exploded
INFO: Pandarallel will run on 48 workers.
INFO: Pandarallel will use Memory file system to transfer data between the main process and workers.
/work/pi_cjgleason_umass_edu/.conda/envs/narrowPIXC/lib/python3.12/site-packages/geopandas/geodataframe.py:1819: SettingWithCopyWarning: 
A value is trying to be set on a copy of a slice from a DataFrame.
Try using .loc[row_indexer,col_indexer] = value instead

See the caveats in the documentation: https://pandas.pydata.org/pandas-docs/stable/user_guide/indexing.html#returning-a-view-versus-a-copy
  super().__setitem__(key, value)
Indices: [121]
type: segmented
NHDPLUS_H_0203_HU4_GDB
/nas/cee-water/cjgleason/fiona/narrow_rivers_PIXC_data/NHD_prepped_segmented/HUC2_02/NHDPLUS_H_0203_HU4_GDB_prepped_segmented.parquet
segments read-in
Script completed, wrote out results.
Thu Feb 13 21:22:00 UTC 2025
