Removing conda
Loading conda
Thu Feb 13 21:14:13 UTC 2025
SWOT_L2_HR_PIXC_019_576_081R_20240820T082036_20240820T082047_PIC0_01
(403719,)
type: normal
NHDPLUS_H_0109_HU4_GDB
flowlines read-in
exploded
type: normal
NHDPLUS_H_0110_HU4_GDB
flowlines read-in
exploded
INFO: Pandarallel will run on 64 workers.
INFO: Pandarallel will use Memory file system to transfer data between the main process and workers.
/work/pi_cjgleason_umass_edu/.conda/envs/narrowPIXC/lib/python3.12/site-packages/geopandas/geodataframe.py:1819: SettingWithCopyWarning: 
A value is trying to be set on a copy of a slice from a DataFrame.
Try using .loc[row_indexer,col_indexer] = value instead

See the caveats in the documentation: https://pandas.pydata.org/pandas-docs/stable/user_guide/indexing.html#returning-a-view-versus-a-copy
  super().__setitem__(key, value)
slurmstepd-uri-cpu050: error: *** JOB 28915700 ON uri-cpu050 CANCELLED AT 2025-02-13T21:14:36 ***
slurmstepd-uri-cpu050: error: container_p_join: open failed for /var/tmp//uri-cpu050/28915700/.ns: No such file or directory
slurmstepd-uri-cpu050: error: container_g_join(28915700): No such file or directory
