Removing conda
Loading conda
Wed Feb 12 21:16:06 UTC 2025
(1456768,)
type: normal
NHDPLUS_H_0106_HU4_GDB
flowlines read-in
exploded
type: normal
NHDPLUS_H_0107_HU4_GDB
flowlines read-in
exploded
INFO: Pandarallel will run on 192 workers.
INFO: Pandarallel will use Memory file system to transfer data between the main process and workers.
/work/pi_cjgleason_umass_edu/.conda/envs/narrowPIXC/lib/python3.12/site-packages/geopandas/geodataframe.py:1819: SettingWithCopyWarning: 
A value is trying to be set on a copy of a slice from a DataFrame.
Try using .loc[row_indexer,col_indexer] = value instead

See the caveats in the documentation: https://pandas.pydata.org/pandas-docs/stable/user_guide/indexing.html#returning-a-view-versus-a-copy
  super().__setitem__(key, value)
Indices: [2, 3]
type: segmented
NHDPLUS_H_0106_HU4_GDB
/nas/cee-water/cjgleason/fiona/narrow_rivers_PIXC_data/NHD_prepped_segmented/HUC2_01/NHDPLUS_H_0106_HU4_GDB_prepped_segmented.parquet
segments read-in
type: segmented
NHDPLUS_H_0107_HU4_GDB
/nas/cee-water/cjgleason/fiona/narrow_rivers_PIXC_data/NHD_prepped_segmented/HUC2_01/NHDPLUS_H_0107_HU4_GDB_prepped_segmented.parquet
segments read-in
/var/spool/slurm/slurmd/job28622580/slurm_script: line 21: 33277 Killed                  python3 evalCoverage.py min
Wed Feb 12 21:17:43 UTC 2025
slurmstepd-cpu079: error: Detected 2 oom_kill events in StepId=28622580.batch. Some of the step tasks have been OOM Killed.
