Removing conda
Loading conda
Thu Feb 13 21:14:12 UTC 2025
SWOT_L2_HR_PIXC_019_548_074L_20240819T081855_20240819T081906_PIC0_01
(1214972,)
type: normal
NHDPLUS_H_0101_HU4_GDB
flowlines read-in
exploded
type: normal
NHDPLUS_H_0102_HU4_GDB
flowlines read-in
exploded
type: normal
NHDPLUS_H_0103_HU4_GDB
flowlines read-in
exploded
INFO: Pandarallel will run on 48 workers.
INFO: Pandarallel will use Memory file system to transfer data between the main process and workers.
slurmstepd-visterra-cpu005: error: *** JOB 28915676 ON visterra-cpu005 CANCELLED AT 2025-02-13T21:14:36 ***
