Removing conda
Loading conda
Wed Feb 12 20:58:07 UTC 2025
(390445,)
type: normal
NHDPLUS_H_0102_HU4_GDB
flowlines read-in
exploded
type: normal
NHDPLUS_H_0103_HU4_GDB
flowlines read-in
exploded
INFO: Pandarallel will run on 192 workers.
INFO: Pandarallel will use Memory file system to transfer data between the main process and workers.
/work/pi_cjgleason_umass_edu/.conda/envs/narrowPIXC/lib/python3.12/site-packages/geopandas/geodataframe.py:1819: SettingWithCopyWarning: 
A value is trying to be set on a copy of a slice from a DataFrame.
Try using .loc[row_indexer,col_indexer] = value instead

See the caveats in the documentation: https://pandas.pydata.org/pandas-docs/stable/user_guide/indexing.html#returning-a-view-versus-a-copy
  super().__setitem__(key, value)
Indices: [1, 120]
type: segmented
NHDPLUS_H_0102_HU4_GDB
/nas/cee-water/cjgleason/fiona/narrow_rivers_PIXC_data/NHD_prepped_segmented/HUC2_01/NHDPLUS_H_0102_HU4_GDB_prepped_segmented.parquet
segments read-in
type: segmented
NHDPLUS_H_0103_HU4_GDB
/nas/cee-water/cjgleason/fiona/narrow_rivers_PIXC_data/NHD_prepped_segmented/HUC2_01/NHDPLUS_H_0103_HU4_GDB_prepped_segmented.parquet
segments read-in
/var/spool/slurm/slurmd/job28620021/slurm_script: line 21: 3642369 Killed                  python3 evalCoverage.py min
Wed Feb 12 20:59:54 UTC 2025
Script completed.
slurmstepd-cpu079: error: Detected 6 oom_kill events in StepId=28620021.batch. Some of the step tasks have been OOM Killed.
