Removing conda
Loading conda
Thu Feb 13 21:14:14 UTC 2025
SWOT_L2_HR_PIXC_020_007_235L_20240820T213802_20240820T213813_PIC0_01
(377696,)
type: normal
NHDPLUS_H_0101_HU4_GDB
flowlines read-in
exploded
type: normal
NHDPLUS_H_0102_HU4_GDB
flowlines read-in
exploded
type: normal
NHDPLUS_H_0105_HU4_GDB
flowlines read-in
exploded
INFO: Pandarallel will run on 64 workers.
INFO: Pandarallel will use Memory file system to transfer data between the main process and workers.
slurmstepd-uri-cpu052: error: *** JOB 28915708 ON uri-cpu052 CANCELLED AT 2025-02-13T21:14:36 ***
