Removing conda
Loading conda
Thu Feb 13 21:14:12 UTC 2025
SWOT_L2_HR_PIXC_019_548_077R_20240819T081925_20240819T081936_PIC0_01
(936552,)
type: normal
NHDPLUS_H_0106_HU4_GDB
flowlines read-in
exploded
type: normal
NHDPLUS_H_0103_HU4_GDB
flowlines read-in
exploded
type: normal
NHDPLUS_H_0104_HU4_GDB
flowlines read-in
exploded
type: normal
NHDPLUS_H_0105_HU4_GDB
flowlines read-in
exploded
INFO: Pandarallel will run on 48 workers.
INFO: Pandarallel will use Memory file system to transfer data between the main process and workers.
slurmstepd-visterra-cpu006: error: *** JOB 28915683 ON visterra-cpu006 CANCELLED AT 2025-02-13T21:14:36 ***
