Removing conda
Loading conda
Thu Feb 13 21:14:13 UTC 2025
SWOT_L2_HR_PIXC_019_520_075L_20240818T081834_20240818T081845_PIC0_01
(1299187,)
type: normal
NHDPLUS_H_0102_HU4_GDB
flowlines read-in
exploded
type: normal
NHDPLUS_H_0105_HU4_GDB
flowlines read-in
exploded
INFO: Pandarallel will run on 48 workers.
INFO: Pandarallel will use Memory file system to transfer data between the main process and workers.
/work/pi_cjgleason_umass_edu/.conda/envs/narrowPIXC/lib/python3.12/site-packages/geopandas/geodataframe.py:1819: SettingWithCopyWarning: 
A value is trying to be set on a copy of a slice from a DataFrame.
Try using .loc[row_indexer,col_indexer] = value instead

See the caveats in the documentation: https://pandas.pydata.org/pandas-docs/stable/user_guide/indexing.html#returning-a-view-versus-a-copy
  super().__setitem__(key, value)
slurmstepd-visterra-cpu004: error: *** JOB 28915670 ON visterra-cpu004 CANCELLED AT 2025-02-13T21:14:36 ***
