Removing conda
Loading conda
Wed Feb 12 22:27:16 UTC 2025
SWOT_L2_HR_PIXC_577_009_238R_20230709T132508_20230709T132519_PGC0_01
(216481,)
type: normal
NHDPLUS_H_0401_HU4_GDB
flowlines read-in
exploded
type: normal
NHDPLUS_H_0701_HU4_GDB
flowlines read-in
exploded
type: normal
NHDPLUS_H_0903_HU4_GDB
flowlines read-in
exploded
INFO: Pandarallel will run on 64 workers.
INFO: Pandarallel will use Memory file system to transfer data between the main process and workers.
This granule has no pixels that intersect reaches, exiting.
Wed Feb 12 22:27:31 UTC 2025
