Removing conda
Loading conda
Thu Feb 13 21:14:12 UTC 2025
SWOT_L2_HR_PIXC_019_576_078L_20240820T082006_20240820T082017_PIC0_01
(947229,)
type: normal
NHDPLUS_H_0106_HU4_GDB
flowlines read-in
exploded
type: normal
NHDPLUS_H_0107_HU4_GDB
flowlines read-in
exploded
type: normal
NHDPLUS_H_0108_HU4_GDB
flowlines read-in
exploded
INFO: Pandarallel will run on 48 workers.
INFO: Pandarallel will use Memory file system to transfer data between the main process and workers.
slurmstepd-visterra-cpu007: error: *** JOB 28915693 ON visterra-cpu007 CANCELLED AT 2025-02-13T21:14:36 ***
slurmstepd-visterra-cpu007: error: container_p_join: open failed for /var/tmp//visterra-cpu007/28915693/.ns: No such file or directory
slurmstepd-visterra-cpu007: error: container_g_join(28915693): No such file or directory
