Removing conda
Loading conda
Wed Feb 12 22:27:15 UTC 2025
SWOT_L2_HR_PIXC_577_009_227L_20230709T132319_20230709T132330_PGC0_01
(2861255,)
type: normal
NHDPLUS_H_1023_HU4_GDB
flowlines read-in
exploded
type: normal
NHDPLUS_H_1024_HU4_GDB
flowlines read-in
exploded
type: normal
NHDPLUS_H_1020_HU4_GDB
flowlines read-in
exploded
INFO: Pandarallel will run on 64 workers.
INFO: Pandarallel will use Memory file system to transfer data between the main process and workers.
This granule has no pixels that intersect reaches, exiting.
Wed Feb 12 22:27:56 UTC 2025
