Removing conda
Loading conda
Thu Feb 13 21:14:12 UTC 2025
SWOT_L2_HR_PIXC_019_548_078R_20240819T081935_20240819T081937_PIC0_01
(578998,)
type: normal
NHDPLUS_H_0106_HU4_GDB
flowlines read-in
exploded
type: normal
NHDPLUS_H_0105_HU4_GDB
flowlines read-in
exploded
INFO: Pandarallel will run on 48 workers.
INFO: Pandarallel will use Memory file system to transfer data between the main process and workers.
/work/pi_cjgleason_umass_edu/.conda/envs/narrowPIXC/lib/python3.12/site-packages/geopandas/geodataframe.py:1819: SettingWithCopyWarning: 
A value is trying to be set on a copy of a slice from a DataFrame.
Try using .loc[row_indexer,col_indexer] = value instead

See the caveats in the documentation: https://pandas.pydata.org/pandas-docs/stable/user_guide/indexing.html#returning-a-view-versus-a-copy
  super().__setitem__(key, value)
Indices: [2, 192]
type: segmented
NHDPLUS_H_0106_HU4_GDB
/nas/cee-water/cjgleason/fiona/narrow_rivers_PIXC_data/NHD_prepped_segmented/HUC2_01/NHDPLUS_H_0106_HU4_GDB_prepped_segmented.parquet
segments read-in
type: segmented
NHDPLUS_H_0105_HU4_GDB
/nas/cee-water/cjgleason/fiona/narrow_rivers_PIXC_data/NHD_prepped_segmented/HUC2_01/NHDPLUS_H_0105_HU4_GDB_prepped_segmented.parquet
segments read-in
slurmstepd-visterra-cpu006: error: *** JOB 28915684 ON visterra-cpu006 CANCELLED AT 2025-02-13T21:14:36 ***
