Removing conda
Loading conda
Wed Feb 12 22:26:32 UTC 2025
SWOT_L2_HR_PIXC_576_009_231L_20230708T133321_20230708T133332_PGC0_01
(260819,)
type: normal
NHDPLUS_H_0702_HU4_GDB
flowlines read-in
exploded
type: normal
NHDPLUS_H_1023_HU4_GDB
flowlines read-in
exploded
type: normal
NHDPLUS_H_0710_HU4_GDB
flowlines read-in
exploded
INFO: Pandarallel will run on 192 workers.
INFO: Pandarallel will use Memory file system to transfer data between the main process and workers.
This granule has no pixels that intersect reaches, exiting.
Wed Feb 12 22:26:53 UTC 2025
