Removing conda
Loading conda
Thu Feb 13 21:14:14 UTC 2025
SWOT_L2_HR_PIXC_020_035_231L_20240821T213752_20240821T213804_PIC0_01
(639365,)
type: normal
NHDPLUS_H_0106_HU4_GDB
flowlines read-in
exploded
type: normal
NHDPLUS_H_0107_HU4_GDB
flowlines read-in
exploded
type: normal
NHDPLUS_H_0108_HU4_GDB
flowlines read-in
exploded
INFO: Pandarallel will run on 64 workers.
INFO: Pandarallel will use Memory file system to transfer data between the main process and workers.
slurmstepd-umd-cscdr-cpu013: error: *** JOB 28915732 ON umd-cscdr-cpu013 CANCELLED AT 2025-02-13T21:14:36 ***
slurmstepd-umd-cscdr-cpu013: error: container_p_join: open failed for /var/tmp//umd-cscdr-cpu013/28915732/.ns: No such file or directory
slurmstepd-umd-cscdr-cpu013: error: container_g_join(28915732): No such file or directory
