Removing conda
Loading conda
Thu Feb 13 21:14:13 UTC 2025
SWOT_L2_HR_PIXC_019_548_075R_20240819T081905_20240819T081916_PIC0_01
(548520,)
type: normal
NHDPLUS_H_0108_HU4_GDB
flowlines read-in
exploded
type: normal
NHDPLUS_H_0103_HU4_GDB
flowlines read-in
exploded
type: normal
NHDPLUS_H_0104_HU4_GDB
flowlines read-in
exploded
INFO: Pandarallel will run on 48 workers.
INFO: Pandarallel will use Memory file system to transfer data between the main process and workers.
slurmstepd-visterra-cpu005: error: *** JOB 28915679 ON visterra-cpu005 CANCELLED AT 2025-02-13T21:14:36 ***
