Removing conda
Loading conda
Thu Feb 13 21:14:14 UTC 2025
SWOT_L2_HR_PIXC_020_035_230L_20240821T213742_20240821T213753_PIC0_01
(362770,)
type: normal
NHDPLUS_H_0106_HU4_GDB
flowlines read-in
exploded
type: normal
NHDPLUS_H_0107_HU4_GDB
flowlines read-in
exploded
type: normal
NHDPLUS_H_0108_HU4_GDB
flowlines read-in
exploded
INFO: Pandarallel will run on 64 workers.
INFO: Pandarallel will use Memory file system to transfer data between the main process and workers.
slurmstepd-umd-cscdr-cpu011: error: *** JOB 28915730 ON umd-cscdr-cpu011 CANCELLED AT 2025-02-13T21:14:36 ***
