Removing conda
Loading conda
Wed Feb 12 22:26:31 UTC 2025
SWOT_L2_HR_PIXC_576_009_227L_20230708T133241_20230708T133252_PGC0_01
(2955001,)
type: normal
NHDPLUS_H_1023_HU4_GDB
flowlines read-in
exploded
type: normal
NHDPLUS_H_1024_HU4_GDB
flowlines read-in
exploded
type: normal
NHDPLUS_H_1020_HU4_GDB
flowlines read-in
exploded
INFO: Pandarallel will run on 192 workers.
INFO: Pandarallel will use Memory file system to transfer data between the main process and workers.
This granule has no pixels that intersect reaches, exiting.
Wed Feb 12 22:27:04 UTC 2025
