Removing conda
Loading conda
Wed Feb 12 22:26:32 UTC 2025
SWOT_L2_HR_PIXC_576_009_237R_20230708T133421_20230708T133432_PGC0_01
(134733,)
type: normal
NHDPLUS_H_0401_HU4_GDB
flowlines read-in
exploded
type: normal
NHDPLUS_H_0701_HU4_GDB
flowlines read-in
exploded
type: normal
NHDPLUS_H_0703_HU4_GDB
flowlines read-in
exploded
INFO: Pandarallel will run on 192 workers.
INFO: Pandarallel will use Memory file system to transfer data between the main process and workers.
This granule has no pixels that intersect reaches, exiting.
Wed Feb 12 22:26:44 UTC 2025
