Removing conda
Loading conda
Fri Feb 14 00:55:11 UTC 2025
SWOT_L2_HR_PIXC_498_009_237R_20230422T014508_20230422T014519_PGC0_01
(381218,)
type: normal
NHDPLUS_H_0401_HU4_GDB
flowlines read-in
exploded
type: normal
NHDPLUS_H_0701_HU4_GDB
flowlines read-in
exploded
type: normal
NHDPLUS_H_0703_HU4_GDB
flowlines read-in
exploded
INFO: Pandarallel will run on 128 workers.
INFO: Pandarallel will use Memory file system to transfer data between the main process and workers.
This granule has no pixels that intersect reaches, exiting.
Fri Feb 14 00:55:53 UTC 2025
