Removing conda
Loading conda
Fri Feb 14 00:56:21 UTC 2025
SWOT_L2_HR_PIXC_514_009_234R_20230507T231444_20230507T231455_PGC0_01
(652871,)
type: normal
NHDPLUS_H_0702_HU4_GDB
flowlines read-in
exploded
type: normal
NHDPLUS_H_0701_HU4_GDB
flowlines read-in
exploded
type: normal
NHDPLUS_H_0703_HU4_GDB
flowlines read-in
exploded
INFO: Pandarallel will run on 64 workers.
INFO: Pandarallel will use Memory file system to transfer data between the main process and workers.
This granule has no pixels that intersect reaches, exiting.
Fri Feb 14 00:56:54 UTC 2025
