Removing conda
Loading conda
Fri Feb 14 00:56:16 UTC 2025
SWOT_L2_HR_PIXC_512_009_231L_20230505T233258_20230505T233309_PGC0_01
(412769,)
type: normal
NHDPLUS_H_0702_HU4_GDB
flowlines read-in
exploded
type: normal
NHDPLUS_H_1023_HU4_GDB
flowlines read-in
exploded
type: normal
NHDPLUS_H_0710_HU4_GDB
flowlines read-in
exploded
INFO: Pandarallel will run on 64 workers.
INFO: Pandarallel will use Memory file system to transfer data between the main process and workers.
This granule has no pixels that intersect reaches, exiting.
Fri Feb 14 00:57:03 UTC 2025
