Removing conda
Loading conda
Fri Feb 14 01:05:39 UTC 2025
SWOT_L2_HR_PIXC_573_009_227L_20230705T140048_20230705T140059_PGC0_01
(2790232,)
type: normal
NHDPLUS_H_1023_HU4_GDB
flowlines read-in
exploded
type: normal
NHDPLUS_H_1024_HU4_GDB
flowlines read-in
exploded
type: normal
NHDPLUS_H_1020_HU4_GDB
flowlines read-in
exploded
INFO: Pandarallel will run on 128 workers.
INFO: Pandarallel will use Memory file system to transfer data between the main process and workers.
This granule has no pixels that intersect reaches, exiting.
Fri Feb 14 01:06:21 UTC 2025
