Removing conda
Loading conda
Fri Feb 14 01:03:36 UTC 2025
SWOT_L2_HR_PIXC_558_009_238R_20230620T162308_20230620T162319_PGC0_01
(245397,)
type: normal
NHDPLUS_H_0401_HU4_GDB
flowlines read-in
exploded
type: normal
NHDPLUS_H_0701_HU4_GDB
flowlines read-in
exploded
type: normal
NHDPLUS_H_0903_HU4_GDB
flowlines read-in
exploded
INFO: Pandarallel will run on 128 workers.
INFO: Pandarallel will use Memory file system to transfer data between the main process and workers.
This granule has no pixels that intersect reaches, exiting.
Fri Feb 14 01:03:51 UTC 2025
