Removing conda
Loading conda
Fri Feb 14 00:21:14 UTC 2025
SWOT_L2_HR_PIXC_012_020_082R_20240307T102042_20240307T102053_PIC0_02
(1222504,)
type: normal
NHDPLUS_H_0202_HU4_GDB
flowlines read-in
exploded
type: normal
NHDPLUS_H_0204_HU4_GDB
flowlines read-in
exploded
type: normal
NHDPLUS_H_0203_HU4_GDB
flowlines read-in
exploded
INFO: Pandarallel will run on 192 workers.
INFO: Pandarallel will use Memory file system to transfer data between the main process and workers.
/work/pi_cjgleason_umass_edu/.conda/envs/narrowPIXC/lib/python3.12/site-packages/geopandas/geodataframe.py:1819: SettingWithCopyWarning: 
A value is trying to be set on a copy of a slice from a DataFrame.
Try using .loc[row_indexer,col_indexer] = value instead

See the caveats in the documentation: https://pandas.pydata.org/pandas-docs/stable/user_guide/indexing.html#returning-a-view-versus-a-copy
  super().__setitem__(key, value)
Indices: [7, 8, 121]
type: segmented
NHDPLUS_H_0202_HU4_GDB
/nas/cee-water/cjgleason/fiona/narrow_rivers_PIXC_data/NHD_prepped_segmented/HUC2_02/NHDPLUS_H_0202_HU4_GDB_prepped_segmented.parquet
segments read-in
type: segmented
NHDPLUS_H_0204_HU4_GDB
/nas/cee-water/cjgleason/fiona/narrow_rivers_PIXC_data/NHD_prepped_segmented/HUC2_02/NHDPLUS_H_0204_HU4_GDB_prepped_segmented.parquet
segments read-in
type: segmented
NHDPLUS_H_0203_HU4_GDB
/nas/cee-water/cjgleason/fiona/narrow_rivers_PIXC_data/NHD_prepped_segmented/HUC2_02/NHDPLUS_H_0203_HU4_GDB_prepped_segmented.parquet
segments read-in
/var/spool/slurm/slurmd/job28931777/slurm_script: line 22: 2462677 Killed                  python3 evalCoverage.py max
Fri Feb 14 00:24:13 UTC 2025
slurmstepd-cpu079: error: Detected 3 oom_kill events in StepId=28931777.batch. Some of the step tasks have been OOM Killed.
