Removing conda
Loading conda
Fri Feb 14 00:37:13 UTC 2025
SWOT_L2_HR_PIXC_484_009_227L_20230408T035438_20230408T035449_PGC0_01
(3138324,)
type: normal
NHDPLUS_H_1023_HU4_GDB
flowlines read-in
exploded
type: normal
NHDPLUS_H_1024_HU4_GDB
flowlines read-in
exploded
type: normal
NHDPLUS_H_1020_HU4_GDB
flowlines read-in
exploded
INFO: Pandarallel will run on 64 workers.
INFO: Pandarallel will use Memory file system to transfer data between the main process and workers.
This granule has no pixels that intersect reaches, exiting.
Fri Feb 14 00:38:07 UTC 2025
