Removing conda
Loading conda
Fri Feb 14 00:55:06 UTC 2025
SWOT_L2_HR_PIXC_498_009_228R_20230422T014339_20230422T014350_PGC0_01
(569283,)
type: normal
NHDPLUS_H_1023_HU4_GDB
flowlines read-in
exploded
type: normal
NHDPLUS_H_1024_HU4_GDB
flowlines read-in
exploded
type: normal
NHDPLUS_H_0710_HU4_GDB
flowlines read-in
exploded
INFO: Pandarallel will run on 64 workers.
INFO: Pandarallel will use Memory file system to transfer data between the main process and workers.
This granule has no pixels that intersect reaches, exiting.
Fri Feb 14 00:55:46 UTC 2025
