Removing conda
Loading conda
Fri Feb 14 00:59:14 UTC 2025
SWOT_L2_HR_PIXC_541_009_231L_20230603T190115_20230603T190126_PGC0_01
(328763,)
type: normal
NHDPLUS_H_0702_HU4_GDB
flowlines read-in
exploded
type: normal
NHDPLUS_H_1023_HU4_GDB
flowlines read-in
exploded
type: normal
NHDPLUS_H_0710_HU4_GDB
flowlines read-in
exploded
INFO: Pandarallel will run on 32 workers.
INFO: Pandarallel will use Memory file system to transfer data between the main process and workers.
This granule has no pixels that intersect reaches, exiting.
Fri Feb 14 00:59:52 UTC 2025
