Removing conda
Loading conda
Fri Feb 14 00:54:12 UTC 2025
SWOT_L2_HR_PIXC_489_009_238R_20230413T030937_20230413T030948_PGC0_01
(224558,)
type: normal
NHDPLUS_H_0401_HU4_GDB
flowlines read-in
exploded
type: normal
NHDPLUS_H_0701_HU4_GDB
flowlines read-in
exploded
type: normal
NHDPLUS_H_0903_HU4_GDB
flowlines read-in
exploded
INFO: Pandarallel will run on 128 workers.
INFO: Pandarallel will use Memory file system to transfer data between the main process and workers.
This granule has no pixels that intersect reaches, exiting.
Fri Feb 14 00:54:33 UTC 2025
