Removing conda
Loading conda
Fri Feb 14 00:59:58 UTC 2025
SWOT_L2_HR_PIXC_552_009_228R_20230614T171741_20230614T171752_PGC0_01
(571257,)
type: normal
NHDPLUS_H_1023_HU4_GDB
flowlines read-in
exploded
type: normal
NHDPLUS_H_1024_HU4_GDB
flowlines read-in
exploded
type: normal
NHDPLUS_H_0710_HU4_GDB
flowlines read-in
exploded
INFO: Pandarallel will run on 128 workers.
INFO: Pandarallel will use Memory file system to transfer data between the main process and workers.
This granule has no pixels that intersect reaches, exiting.
Fri Feb 14 01:00:30 UTC 2025
