Removing conda
Loading conda
Fri Feb 14 00:59:22 UTC 2025
SWOT_L2_HR_PIXC_550_009_228R_20230612T173625_20230612T173636_PGC0_01
(526951,)
type: normal
NHDPLUS_H_1023_HU4_GDB
flowlines read-in
exploded
type: normal
NHDPLUS_H_1024_HU4_GDB
flowlines read-in
exploded
type: normal
NHDPLUS_H_0710_HU4_GDB
flowlines read-in
exploded
INFO: Pandarallel will run on 48 workers.
INFO: Pandarallel will use Memory file system to transfer data between the main process and workers.
This granule has no pixels that intersect reaches, exiting.
Fri Feb 14 01:00:07 UTC 2025
