Removing conda
Loading conda
Fri Feb 14 00:54:12 UTC 2025
SWOT_L2_HR_PIXC_492_009_237R_20230416T024121_20230416T024132_PGC0_01
(338025,)
type: normal
NHDPLUS_H_0401_HU4_GDB
flowlines read-in
exploded
type: normal
NHDPLUS_H_0701_HU4_GDB
flowlines read-in
exploded
type: normal
NHDPLUS_H_0703_HU4_GDB
flowlines read-in
exploded
INFO: Pandarallel will run on 128 workers.
INFO: Pandarallel will use Memory file system to transfer data between the main process and workers.
This granule has no pixels that intersect reaches, exiting.
Fri Feb 14 00:54:41 UTC 2025
