Removing conda
Loading conda
Fri Feb 14 00:56:11 UTC 2025
SWOT_L2_HR_PIXC_506_009_234R_20230430T002942_20230430T002953_PGC0_01
(654250,)
type: normal
NHDPLUS_H_0702_HU4_GDB
flowlines read-in
exploded
type: normal
NHDPLUS_H_0701_HU4_GDB
flowlines read-in
exploded
type: normal
NHDPLUS_H_0703_HU4_GDB
flowlines read-in
exploded
INFO: Pandarallel will run on 128 workers.
INFO: Pandarallel will use Memory file system to transfer data between the main process and workers.
This granule has no pixels that intersect reaches, exiting.
Fri Feb 14 00:56:38 UTC 2025
