Removing conda
Loading conda
Fri Feb 14 00:55:11 UTC 2025
SWOT_L2_HR_PIXC_500_009_228R_20230424T012455_20230424T012506_PGC0_01
(642647,)
type: normal
NHDPLUS_H_1023_HU4_GDB
flowlines read-in
exploded
type: normal
NHDPLUS_H_1024_HU4_GDB
flowlines read-in
exploded
type: normal
NHDPLUS_H_0710_HU4_GDB
flowlines read-in
exploded
INFO: Pandarallel will run on 48 workers.
INFO: Pandarallel will use Memory file system to transfer data between the main process and workers.
This granule has no pixels that intersect reaches, exiting.
Fri Feb 14 00:55:56 UTC 2025
