Removing conda
Loading conda
Fri Feb 14 00:56:52 UTC 2025
SWOT_L2_HR_PIXC_516_009_238R_20230509T225639_20230509T225650_PGC0_01
(293410,)
type: normal
NHDPLUS_H_0401_HU4_GDB
flowlines read-in
exploded
type: normal
NHDPLUS_H_0701_HU4_GDB
flowlines read-in
exploded
type: normal
NHDPLUS_H_0903_HU4_GDB
flowlines read-in
exploded
INFO: Pandarallel will run on 64 workers.
INFO: Pandarallel will use Memory file system to transfer data between the main process and workers.
This granule has no pixels that intersect reaches, exiting.
Fri Feb 14 00:57:11 UTC 2025
