Removing conda
Loading conda
Fri Feb 14 00:57:36 UTC 2025
SWOT_L2_HR_PIXC_530_009_231L_20230523T204419_20230523T204430_PGC0_01
(406928,)
type: normal
NHDPLUS_H_0702_HU4_GDB
flowlines read-in
exploded
type: normal
NHDPLUS_H_1023_HU4_GDB
flowlines read-in
exploded
type: normal
NHDPLUS_H_0710_HU4_GDB
flowlines read-in
exploded
INFO: Pandarallel will run on 64 workers.
INFO: Pandarallel will use Memory file system to transfer data between the main process and workers.
This granule has no pixels that intersect reaches, exiting.
Fri Feb 14 00:58:05 UTC 2025
