Removing conda
Loading conda
Fri Feb 14 00:59:13 UTC 2025
SWOT_L2_HR_PIXC_541_009_234R_20230603T190145_20230603T190156_PGC0_01
(595530,)
type: normal
NHDPLUS_H_0702_HU4_GDB
flowlines read-in
exploded
type: normal
NHDPLUS_H_0701_HU4_GDB
flowlines read-in
exploded
type: normal
NHDPLUS_H_0703_HU4_GDB
flowlines read-in
exploded
INFO: Pandarallel will run on 128 workers.
INFO: Pandarallel will use Memory file system to transfer data between the main process and workers.
This granule has no pixels that intersect reaches, exiting.
Fri Feb 14 00:59:44 UTC 2025
