Removing conda
Loading conda
Fri Feb 14 01:05:41 UTC 2025
SWOT_L2_HR_PIXC_575_009_237R_20230707T134343_20230707T134354_PGC0_01
(148776,)
type: normal
NHDPLUS_H_0401_HU4_GDB
flowlines read-in
exploded
type: normal
NHDPLUS_H_0701_HU4_GDB
flowlines read-in
exploded
type: normal
NHDPLUS_H_0703_HU4_GDB
flowlines read-in
exploded
INFO: Pandarallel will run on 64 workers.
INFO: Pandarallel will use Memory file system to transfer data between the main process and workers.
This granule has no pixels that intersect reaches, exiting.
Fri Feb 14 01:06:00 UTC 2025
