Removing conda
Loading conda
Fri Feb 14 00:56:13 UTC 2025
SWOT_L2_HR_PIXC_511_009_227L_20230504T234141_20230504T234152_PGC0_01
(3397975,)
type: normal
NHDPLUS_H_1023_HU4_GDB
flowlines read-in
exploded
type: normal
NHDPLUS_H_1024_HU4_GDB
flowlines read-in
exploded
type: normal
NHDPLUS_H_1020_HU4_GDB
flowlines read-in
exploded
INFO: Pandarallel will run on 48 workers.
INFO: Pandarallel will use Memory file system to transfer data between the main process and workers.
This granule has no pixels that intersect reaches, exiting.
Fri Feb 14 00:56:56 UTC 2025
