Removing conda
Loading conda
Fri Feb 14 00:58:09 UTC 2025
SWOT_L2_HR_PIXC_531_009_234R_20230524T203526_20230524T203537_PGC0_01
(532951,)
type: normal
NHDPLUS_H_0702_HU4_GDB
flowlines read-in
exploded
type: normal
NHDPLUS_H_0701_HU4_GDB
flowlines read-in
exploded
type: normal
NHDPLUS_H_0703_HU4_GDB
flowlines read-in
exploded
INFO: Pandarallel will run on 128 workers.
INFO: Pandarallel will use Memory file system to transfer data between the main process and workers.
This granule has no pixels that intersect reaches, exiting.
Fri Feb 14 00:58:33 UTC 2025
