Removing conda
Loading conda
Fri Feb 14 00:55:10 UTC 2025
SWOT_L2_HR_PIXC_498_009_234R_20230422T014438_20230422T014450_PGC0_01
(640650,)
type: normal
NHDPLUS_H_0702_HU4_GDB
flowlines read-in
exploded
type: normal
NHDPLUS_H_0701_HU4_GDB
flowlines read-in
exploded
type: normal
NHDPLUS_H_0703_HU4_GDB
flowlines read-in
exploded
INFO: Pandarallel will run on 128 workers.
INFO: Pandarallel will use Memory file system to transfer data between the main process and workers.
This granule has no pixels that intersect reaches, exiting.
Fri Feb 14 00:55:57 UTC 2025
