Removing conda
Loading conda
Fri Feb 14 00:59:12 UTC 2025
SWOT_L2_HR_PIXC_541_009_237R_20230603T190214_20230603T190225_PGC0_01
(203687,)
type: normal
NHDPLUS_H_0401_HU4_GDB
flowlines read-in
exploded
type: normal
NHDPLUS_H_0701_HU4_GDB
flowlines read-in
exploded
type: normal
NHDPLUS_H_0703_HU4_GDB
flowlines read-in
exploded
INFO: Pandarallel will run on 128 workers.
INFO: Pandarallel will use Memory file system to transfer data between the main process and workers.
This granule has no pixels that intersect reaches, exiting.
Fri Feb 14 00:59:43 UTC 2025
