Removing conda
Loading conda
Fri Feb 14 00:55:12 UTC 2025
SWOT_L2_HR_PIXC_502_009_231L_20230426T010641_20230426T010652_PGC0_01
(421087,)
type: normal
NHDPLUS_H_0702_HU4_GDB
flowlines read-in
exploded
type: normal
NHDPLUS_H_1023_HU4_GDB
flowlines read-in
exploded
type: normal
NHDPLUS_H_0710_HU4_GDB
flowlines read-in
exploded
INFO: Pandarallel will run on 64 workers.
INFO: Pandarallel will use Memory file system to transfer data between the main process and workers.
This granule has no pixels that intersect reaches, exiting.
Fri Feb 14 00:55:56 UTC 2025
