Removing conda
Loading conda
Fri Feb 14 00:58:14 UTC 2025
SWOT_L2_HR_PIXC_538_009_227L_20230531T192842_20230531T192853_PGC0_01
(3242615,)
type: normal
NHDPLUS_H_1023_HU4_GDB
flowlines read-in
exploded
type: normal
NHDPLUS_H_1024_HU4_GDB
flowlines read-in
exploded
type: normal
NHDPLUS_H_1020_HU4_GDB
flowlines read-in
exploded
INFO: Pandarallel will run on 64 workers.
INFO: Pandarallel will use Memory file system to transfer data between the main process and workers.
This granule has no pixels that intersect reaches, exiting.
Fri Feb 14 00:59:13 UTC 2025
