Removing conda
Loading conda
Fri Feb 14 00:56:18 UTC 2025
SWOT_L2_HR_PIXC_513_009_231L_20230506T232336_20230506T232347_PGC0_01
(442200,)
type: normal
NHDPLUS_H_0702_HU4_GDB
flowlines read-in
exploded
type: normal
NHDPLUS_H_1023_HU4_GDB
flowlines read-in
exploded
type: normal
NHDPLUS_H_0710_HU4_GDB
flowlines read-in
exploded
INFO: Pandarallel will run on 64 workers.
INFO: Pandarallel will use Memory file system to transfer data between the main process and workers.
This granule has no pixels that intersect reaches, exiting.
Fri Feb 14 00:56:59 UTC 2025
