Removing conda
Loading conda
Fri Feb 14 00:59:58 UTC 2025
SWOT_L2_HR_PIXC_551_009_237R_20230613T172833_20230613T172844_PGC0_01
(191418,)
type: normal
NHDPLUS_H_0401_HU4_GDB
flowlines read-in
exploded
type: normal
NHDPLUS_H_0701_HU4_GDB
flowlines read-in
exploded
type: normal
NHDPLUS_H_0703_HU4_GDB
flowlines read-in
exploded
INFO: Pandarallel will run on 64 workers.
INFO: Pandarallel will use Memory file system to transfer data between the main process and workers.
This granule has no pixels that intersect reaches, exiting.
Fri Feb 14 01:00:13 UTC 2025
