Removing conda
Loading conda
Fri Feb 14 00:57:34 UTC 2025
SWOT_L2_HR_PIXC_525_009_228R_20230518T213039_20230518T213050_PGC0_01
(590603,)
type: normal
NHDPLUS_H_1023_HU4_GDB
flowlines read-in
exploded
type: normal
NHDPLUS_H_1024_HU4_GDB
flowlines read-in
exploded
type: normal
NHDPLUS_H_0710_HU4_GDB
flowlines read-in
exploded
INFO: Pandarallel will run on 64 workers.
INFO: Pandarallel will use Memory file system to transfer data between the main process and workers.
This granule has no pixels that intersect reaches, exiting.
Fri Feb 14 00:58:08 UTC 2025
