Removing conda
Loading conda
Fri Feb 14 00:35:19 UTC 2025
SWOT_L2_HR_PIXC_023_035_234R_20241023T115341_20241023T115352_PIC2_01
(418321,)
type: normal
NHDPLUS_H_0102_HU4_GDB
flowlines read-in
exploded
type: normal
NHDPLUS_H_0103_HU4_GDB
flowlines read-in
exploded
type: normal
NHDPLUS_H_0104_HU4_GDB
flowlines read-in
exploded
INFO: Pandarallel will run on 64 workers.
INFO: Pandarallel will use Memory file system to transfer data between the main process and workers.
/work/pi_cjgleason_umass_edu/.conda/envs/narrowPIXC/lib/python3.12/site-packages/geopandas/geodataframe.py:1819: SettingWithCopyWarning: 
A value is trying to be set on a copy of a slice from a DataFrame.
Try using .loc[row_indexer,col_indexer] = value instead

See the caveats in the documentation: https://pandas.pydata.org/pandas-docs/stable/user_guide/indexing.html#returning-a-view-versus-a-copy
  super().__setitem__(key, value)
Indices: [1, 120, 167]
type: segmented
NHDPLUS_H_0102_HU4_GDB
/nas/cee-water/cjgleason/fiona/narrow_rivers_PIXC_data/NHD_prepped_segmented/HUC2_01/NHDPLUS_H_0102_HU4_GDB_prepped_segmented.parquet
segments read-in
type: segmented
NHDPLUS_H_0103_HU4_GDB
/nas/cee-water/cjgleason/fiona/narrow_rivers_PIXC_data/NHD_prepped_segmented/HUC2_01/NHDPLUS_H_0103_HU4_GDB_prepped_segmented.parquet
segments read-in
type: segmented
NHDPLUS_H_0104_HU4_GDB
/nas/cee-water/cjgleason/fiona/narrow_rivers_PIXC_data/NHD_prepped_segmented/HUC2_01/NHDPLUS_H_0104_HU4_GDB_prepped_segmented.parquet
segments read-in
Script completed, wrote out results.
Fri Feb 14 00:36:21 UTC 2025
