Removing conda
Loading conda
Fri Feb 14 00:54:11 UTC 2025
SWOT_L2_HR_PIXC_488_009_227L_20230412T031710_20230412T031721_PGC0_01
(3272355,)
type: normal
NHDPLUS_H_1023_HU4_GDB
flowlines read-in
exploded
type: normal
NHDPLUS_H_1024_HU4_GDB
flowlines read-in
exploded
type: normal
NHDPLUS_H_1020_HU4_GDB
flowlines read-in
exploded
INFO: Pandarallel will run on 64 workers.
INFO: Pandarallel will use Memory file system to transfer data between the main process and workers.
This granule has no pixels that intersect reaches, exiting.
Fri Feb 14 00:55:14 UTC 2025
