Removing conda
Loading conda
Fri Feb 14 00:37:16 UTC 2025
SWOT_L2_HR_PIXC_482_009_238R_20230406T041510_20230406T041522_PGC0_01
(1084050,)
type: normal
NHDPLUS_H_0401_HU4_GDB
flowlines read-in
exploded
type: normal
NHDPLUS_H_0701_HU4_GDB
flowlines read-in
exploded
type: normal
NHDPLUS_H_0903_HU4_GDB
flowlines read-in
exploded
INFO: Pandarallel will run on 64 workers.
INFO: Pandarallel will use Memory file system to transfer data between the main process and workers.
This granule has no pixels that intersect reaches, exiting.
Fri Feb 14 00:37:44 UTC 2025
