Removing conda
Loading conda
Fri Feb 14 00:55:14 UTC 2025
SWOT_L2_HR_PIXC_503_009_237R_20230427T005818_20230427T005829_PGC0_01
(501846,)
type: normal
NHDPLUS_H_0401_HU4_GDB
flowlines read-in
exploded
type: normal
NHDPLUS_H_0701_HU4_GDB
flowlines read-in
exploded
type: normal
NHDPLUS_H_0703_HU4_GDB
flowlines read-in
exploded
INFO: Pandarallel will run on 192 workers.
INFO: Pandarallel will use Memory file system to transfer data between the main process and workers.
This granule has no pixels that intersect reaches, exiting.
Fri Feb 14 00:55:58 UTC 2025
