Removing conda
Loading conda
Fri Feb 14 01:00:38 UTC 2025
SWOT_L2_HR_PIXC_554_009_234R_20230616T165956_20230616T170007_PGC0_01
(505364,)
type: normal
NHDPLUS_H_0702_HU4_GDB
flowlines read-in
exploded
type: normal
NHDPLUS_H_0701_HU4_GDB
flowlines read-in
exploded
type: normal
NHDPLUS_H_0703_HU4_GDB
flowlines read-in
exploded
INFO: Pandarallel will run on 64 workers.
INFO: Pandarallel will use Memory file system to transfer data between the main process and workers.
This granule has no pixels that intersect reaches, exiting.
Fri Feb 14 01:00:58 UTC 2025
