Removing conda
Loading conda
Fri Feb 14 01:05:41 UTC 2025
SWOT_L2_HR_PIXC_574_009_233R_20230706T135225_20230706T135236_PGC0_01
(208577,)
type: normal
NHDPLUS_H_0702_HU4_GDB
flowlines read-in
exploded
type: normal
NHDPLUS_H_0701_HU4_GDB
flowlines read-in
exploded
type: normal
NHDPLUS_H_0704_HU4_GDB
flowlines read-in
exploded
INFO: Pandarallel will run on 128 workers.
INFO: Pandarallel will use Memory file system to transfer data between the main process and workers.
This granule has no pixels that intersect reaches, exiting.
Fri Feb 14 01:06:10 UTC 2025
