Removing conda
Loading conda
Fri Feb 14 00:58:10 UTC 2025
SWOT_L2_HR_PIXC_533_009_231L_20230526T201612_20230526T201623_PGC0_01
(399967,)
type: normal
NHDPLUS_H_0702_HU4_GDB
flowlines read-in
exploded
type: normal
NHDPLUS_H_1023_HU4_GDB
flowlines read-in
exploded
type: normal
NHDPLUS_H_0710_HU4_GDB
flowlines read-in
exploded
INFO: Pandarallel will run on 128 workers.
INFO: Pandarallel will use Memory file system to transfer data between the main process and workers.
This granule has no pixels that intersect reaches, exiting.
Fri Feb 14 00:58:34 UTC 2025
