Removing conda
Loading conda
Fri Feb 14 00:55:07 UTC 2025
SWOT_L2_HR_PIXC_496_009_238R_20230420T020403_20230420T020414_PGC0_01
(401033,)
type: normal
NHDPLUS_H_0401_HU4_GDB
flowlines read-in
exploded
type: normal
NHDPLUS_H_0701_HU4_GDB
flowlines read-in
exploded
type: normal
NHDPLUS_H_0903_HU4_GDB
flowlines read-in
exploded
INFO: Pandarallel will run on 32 workers.
INFO: Pandarallel will use Memory file system to transfer data between the main process and workers.
This granule has no pixels that intersect reaches, exiting.
Fri Feb 14 00:55:21 UTC 2025
