Removing conda
Loading conda
Fri Feb 14 00:56:12 UTC 2025
SWOT_L2_HR_PIXC_507_009_233R_20230501T002010_20230501T002021_PGC0_01
(308715,)
type: normal
NHDPLUS_H_0702_HU4_GDB
flowlines read-in
exploded
type: normal
NHDPLUS_H_0701_HU4_GDB
flowlines read-in
exploded
type: normal
NHDPLUS_H_0704_HU4_GDB
flowlines read-in
exploded
INFO: Pandarallel will run on 64 workers.
INFO: Pandarallel will use Memory file system to transfer data between the main process and workers.
This granule has no pixels that intersect reaches, exiting.
Fri Feb 14 00:56:37 UTC 2025
