Removing conda
Loading conda
Fri Feb 14 00:56:15 UTC 2025
SWOT_L2_HR_PIXC_513_009_227L_20230506T232256_20230506T232307_PGC0_01
(3328105,)
type: normal
NHDPLUS_H_1023_HU4_GDB
flowlines read-in
exploded
type: normal
NHDPLUS_H_1024_HU4_GDB
flowlines read-in
exploded
type: normal
NHDPLUS_H_1020_HU4_GDB
flowlines read-in
exploded
INFO: Pandarallel will run on 64 workers.
INFO: Pandarallel will use Memory file system to transfer data between the main process and workers.
This granule has no pixels that intersect reaches, exiting.
Fri Feb 14 00:57:09 UTC 2025
