Removing conda
Loading conda
Fri Feb 14 00:55:11 UTC 2025
SWOT_L2_HR_PIXC_499_009_238R_20230423T013556_20230423T013607_PGC0_01
(486324,)
type: normal
NHDPLUS_H_0401_HU4_GDB
flowlines read-in
exploded
type: normal
NHDPLUS_H_0701_HU4_GDB
flowlines read-in
exploded
type: normal
NHDPLUS_H_0903_HU4_GDB
flowlines read-in
exploded
INFO: Pandarallel will run on 64 workers.
INFO: Pandarallel will use Memory file system to transfer data between the main process and workers.
This granule has no pixels that intersect reaches, exiting.
Fri Feb 14 00:55:49 UTC 2025
