Removing conda
Loading conda
Fri Feb 14 00:56:15 UTC 2025
SWOT_L2_HR_PIXC_512_009_234R_20230505T233328_20230505T233339_PGC0_01
(571504,)
type: normal
NHDPLUS_H_0702_HU4_GDB
flowlines read-in
exploded
type: normal
NHDPLUS_H_0701_HU4_GDB
flowlines read-in
exploded
type: normal
NHDPLUS_H_0703_HU4_GDB
flowlines read-in
exploded
INFO: Pandarallel will run on 64 workers.
INFO: Pandarallel will use Memory file system to transfer data between the main process and workers.
This granule has no pixels that intersect reaches, exiting.
Fri Feb 14 00:56:40 UTC 2025
