Removing conda
Loading conda
Fri Feb 14 00:54:11 UTC 2025
SWOT_L2_HR_PIXC_488_009_233R_20230412T031810_20230412T031821_PGC0_01
(441126,)
type: normal
NHDPLUS_H_0702_HU4_GDB
flowlines read-in
exploded
type: normal
NHDPLUS_H_0701_HU4_GDB
flowlines read-in
exploded
type: normal
NHDPLUS_H_0704_HU4_GDB
flowlines read-in
exploded
INFO: Pandarallel will run on 64 workers.
INFO: Pandarallel will use Memory file system to transfer data between the main process and workers.
This granule has no pixels that intersect reaches, exiting.
Fri Feb 14 00:54:40 UTC 2025
