Removing conda
Loading conda
Fri Feb 14 00:55:12 UTC 2025
SWOT_L2_HR_PIXC_501_009_238R_20230425T011712_20230425T011723_PGC0_01
(509634,)
type: normal
NHDPLUS_H_0401_HU4_GDB
flowlines read-in
exploded
type: normal
NHDPLUS_H_0701_HU4_GDB
flowlines read-in
exploded
type: normal
NHDPLUS_H_0903_HU4_GDB
flowlines read-in
exploded
INFO: Pandarallel will run on 64 workers.
INFO: Pandarallel will use Memory file system to transfer data between the main process and workers.
This granule has no pixels that intersect reaches, exiting.
Fri Feb 14 00:55:51 UTC 2025
