Removing conda
Loading conda
Fri Feb 14 00:54:12 UTC 2025
SWOT_L2_HR_PIXC_492_009_228R_20230416T023952_20230416T024003_PGC0_01
(579584,)
type: normal
NHDPLUS_H_1023_HU4_GDB
flowlines read-in
exploded
type: normal
NHDPLUS_H_1024_HU4_GDB
flowlines read-in
exploded
type: normal
NHDPLUS_H_0710_HU4_GDB
flowlines read-in
exploded
INFO: Pandarallel will run on 128 workers.
INFO: Pandarallel will use Memory file system to transfer data between the main process and workers.
This granule has no pixels that intersect reaches, exiting.
Fri Feb 14 00:55:05 UTC 2025
