Removing conda
Loading conda
Fri Feb 14 00:59:21 UTC 2025
SWOT_L2_HR_PIXC_548_009_233R_20230610T175600_20230610T175611_PGC0_01
(232750,)
type: normal
NHDPLUS_H_0702_HU4_GDB
flowlines read-in
exploded
type: normal
NHDPLUS_H_0701_HU4_GDB
flowlines read-in
exploded
type: normal
NHDPLUS_H_0704_HU4_GDB
flowlines read-in
exploded
INFO: Pandarallel will run on 24 workers.
INFO: Pandarallel will use Memory file system to transfer data between the main process and workers.
This granule has no pixels that intersect reaches, exiting.
Fri Feb 14 00:59:45 UTC 2025
