Removing conda
Loading conda
Fri Feb 14 00:56:12 UTC 2025
SWOT_L2_HR_PIXC_511_009_234R_20230504T234250_20230504T234301_PGC0_01
(576490,)
type: normal
NHDPLUS_H_0702_HU4_GDB
flowlines read-in
exploded
type: normal
NHDPLUS_H_0701_HU4_GDB
flowlines read-in
exploded
type: normal
NHDPLUS_H_0703_HU4_GDB
flowlines read-in
exploded
INFO: Pandarallel will run on 48 workers.
INFO: Pandarallel will use Memory file system to transfer data between the main process and workers.
This granule has no pixels that intersect reaches, exiting.
Fri Feb 14 00:56:41 UTC 2025
