Removing conda
Loading conda
Fri Feb 14 01:00:34 UTC 2025
SWOT_L2_HR_PIXC_554_009_227L_20230616T165846_20230616T165857_PGC0_01
(2853344,)
type: normal
NHDPLUS_H_1023_HU4_GDB
flowlines read-in
exploded
type: normal
NHDPLUS_H_1024_HU4_GDB
flowlines read-in
exploded
type: normal
NHDPLUS_H_1020_HU4_GDB
flowlines read-in
exploded
INFO: Pandarallel will run on 128 workers.
INFO: Pandarallel will use Memory file system to transfer data between the main process and workers.
This granule has no pixels that intersect reaches, exiting.
Fri Feb 14 01:01:14 UTC 2025
