Removing conda
Loading conda
Fri Feb 14 00:54:35 UTC 2025
SWOT_L2_HR_PIXC_495_009_234R_20230419T021245_20230419T021256_PGC0_01
(722547,)
type: normal
NHDPLUS_H_0702_HU4_GDB
flowlines read-in
exploded
type: normal
NHDPLUS_H_0701_HU4_GDB
flowlines read-in
exploded
type: normal
NHDPLUS_H_0703_HU4_GDB
flowlines read-in
exploded
INFO: Pandarallel will run on 64 workers.
INFO: Pandarallel will use Memory file system to transfer data between the main process and workers.
This granule has no pixels that intersect reaches, exiting.
Fri Feb 14 00:55:00 UTC 2025
