Removing conda
Loading conda
Fri Feb 14 00:59:14 UTC 2025
SWOT_L2_HR_PIXC_546_009_234R_20230608T181454_20230608T181505_PGC0_01
(522218,)
type: normal
NHDPLUS_H_0702_HU4_GDB
flowlines read-in
exploded
type: normal
NHDPLUS_H_0701_HU4_GDB
flowlines read-in
exploded
type: normal
NHDPLUS_H_0703_HU4_GDB
flowlines read-in
exploded
INFO: Pandarallel will run on 64 workers.
INFO: Pandarallel will use Memory file system to transfer data between the main process and workers.
This granule has no pixels that intersect reaches, exiting.
Fri Feb 14 00:59:37 UTC 2025
