Removing conda
Loading conda
Fri Feb 14 01:05:39 UTC 2025
SWOT_L2_HR_PIXC_573_009_231L_20230705T140127_20230705T140138_PGC0_01
(306395,)
type: normal
NHDPLUS_H_0702_HU4_GDB
flowlines read-in
exploded
type: normal
NHDPLUS_H_1023_HU4_GDB
flowlines read-in
exploded
type: normal
NHDPLUS_H_0710_HU4_GDB
flowlines read-in
exploded
INFO: Pandarallel will run on 64 workers.
INFO: Pandarallel will use Memory file system to transfer data between the main process and workers.
This granule has no pixels that intersect reaches, exiting.
Fri Feb 14 01:06:09 UTC 2025
