Removing conda
Loading conda
Fri Feb 14 00:55:14 UTC 2025
SWOT_L2_HR_PIXC_503_009_231L_20230427T005718_20230427T005729_PGC0_01
(393324,)
type: normal
NHDPLUS_H_0702_HU4_GDB
flowlines read-in
exploded
type: normal
NHDPLUS_H_1023_HU4_GDB
flowlines read-in
exploded
type: normal
NHDPLUS_H_0710_HU4_GDB
flowlines read-in
exploded
INFO: Pandarallel will run on 64 workers.
INFO: Pandarallel will use Memory file system to transfer data between the main process and workers.
This granule has no pixels that intersect reaches, exiting.
Fri Feb 14 00:55:55 UTC 2025
