Removing conda
Loading conda
Fri Feb 14 00:58:13 UTC 2025
SWOT_L2_HR_PIXC_533_009_238R_20230526T201722_20230526T201733_PGC0_01
(268571,)
type: normal
NHDPLUS_H_0401_HU4_GDB
flowlines read-in
exploded
type: normal
NHDPLUS_H_0701_HU4_GDB
flowlines read-in
exploded
type: normal
NHDPLUS_H_0903_HU4_GDB
flowlines read-in
exploded
INFO: Pandarallel will run on 128 workers.
INFO: Pandarallel will use Memory file system to transfer data between the main process and workers.
This granule has no pixels that intersect reaches, exiting.
Fri Feb 14 00:58:42 UTC 2025
