Removing conda
Loading conda
Fri Feb 14 00:37:59 UTC 2025
SWOT_L2_HR_PIXC_485_009_228R_20230409T034526_20230409T034537_PGC0_01
(642623,)
type: normal
NHDPLUS_H_1023_HU4_GDB
flowlines read-in
exploded
type: normal
NHDPLUS_H_1024_HU4_GDB
flowlines read-in
exploded
type: normal
NHDPLUS_H_0710_HU4_GDB
flowlines read-in
exploded
INFO: Pandarallel will run on 24 workers.
INFO: Pandarallel will use Memory file system to transfer data between the main process and workers.
This granule has no pixels that intersect reaches, exiting.
Fri Feb 14 00:38:29 UTC 2025
