Removing conda
Loading conda
Fri Feb 14 01:05:40 UTC 2025
SWOT_L2_HR_PIXC_571_009_228R_20230703T141942_20230703T141953_PGC0_01
(530673,)
type: normal
NHDPLUS_H_1023_HU4_GDB
flowlines read-in
exploded
type: normal
NHDPLUS_H_1024_HU4_GDB
flowlines read-in
exploded
type: normal
NHDPLUS_H_0710_HU4_GDB
flowlines read-in
exploded
INFO: Pandarallel will run on 24 workers.
INFO: Pandarallel will use Memory file system to transfer data between the main process and workers.
This granule has no pixels that intersect reaches, exiting.
Fri Feb 14 01:06:24 UTC 2025
