Removing conda
Loading conda
Fri Feb 14 00:55:41 UTC 2025
SWOT_L2_HR_PIXC_504_009_231L_20230428T004756_20230428T004807_PGC0_01
(371417,)
type: normal
NHDPLUS_H_0702_HU4_GDB
flowlines read-in
exploded
type: normal
NHDPLUS_H_1023_HU4_GDB
flowlines read-in
exploded
type: normal
NHDPLUS_H_0710_HU4_GDB
flowlines read-in
exploded
INFO: Pandarallel will run on 32 workers.
INFO: Pandarallel will use Memory file system to transfer data between the main process and workers.
This granule has no pixels that intersect reaches, exiting.
Fri Feb 14 00:56:14 UTC 2025
