Removing conda
Loading conda
Fri Feb 14 01:02:14 UTC 2025
SWOT_L2_HR_PIXC_555_009_231L_20230617T165004_20230617T165015_PGC0_01
(282245,)
type: normal
NHDPLUS_H_0702_HU4_GDB
flowlines read-in
exploded
type: normal
NHDPLUS_H_1023_HU4_GDB
flowlines read-in
exploded
type: normal
NHDPLUS_H_0710_HU4_GDB
flowlines read-in
exploded
INFO: Pandarallel will run on 24 workers.
INFO: Pandarallel will use Memory file system to transfer data between the main process and workers.
This granule has no pixels that intersect reaches, exiting.
Fri Feb 14 01:02:38 UTC 2025
