Removing conda
Loading conda
Fri Feb 14 00:58:16 UTC 2025
SWOT_L2_HR_PIXC_537_009_237R_20230530T193943_20230530T193954_PGC0_01
(201696,)
type: normal
NHDPLUS_H_0401_HU4_GDB
flowlines read-in
exploded
type: normal
NHDPLUS_H_0701_HU4_GDB
flowlines read-in
exploded
type: normal
NHDPLUS_H_0703_HU4_GDB
flowlines read-in
exploded
INFO: Pandarallel will run on 64 workers.
INFO: Pandarallel will use Memory file system to transfer data between the main process and workers.
This granule has no pixels that intersect reaches, exiting.
Fri Feb 14 00:58:39 UTC 2025
