Removing conda
Loading conda
Fri Feb 14 00:58:13 UTC 2025
SWOT_L2_HR_PIXC_537_009_234R_20230530T193913_20230530T193924_PGC0_01
(512394,)
type: normal
NHDPLUS_H_0702_HU4_GDB
flowlines read-in
exploded
type: normal
NHDPLUS_H_0701_HU4_GDB
flowlines read-in
exploded
type: normal
NHDPLUS_H_0703_HU4_GDB
flowlines read-in
exploded
INFO: Pandarallel will run on 64 workers.
INFO: Pandarallel will use Memory file system to transfer data between the main process and workers.
This granule has no pixels that intersect reaches, exiting.
Fri Feb 14 00:58:46 UTC 2025
