Removing conda
Loading conda
Fri Feb 14 01:02:16 UTC 2025
SWOT_L2_HR_PIXC_555_009_233R_20230617T165024_20230617T165035_PGC0_01
(244327,)
type: normal
NHDPLUS_H_0702_HU4_GDB
flowlines read-in
exploded
type: normal
NHDPLUS_H_0701_HU4_GDB
flowlines read-in
exploded
type: normal
NHDPLUS_H_0704_HU4_GDB
flowlines read-in
exploded
INFO: Pandarallel will run on 32 workers.
INFO: Pandarallel will use Memory file system to transfer data between the main process and workers.
This granule has no pixels that intersect reaches, exiting.
Fri Feb 14 01:02:38 UTC 2025
