Removing conda
Loading conda
Fri Feb 14 00:59:23 UTC 2025
SWOT_L2_HR_PIXC_550_009_227L_20230612T173616_20230612T173627_PGC0_01
(3232100,)
type: normal
NHDPLUS_H_1023_HU4_GDB
flowlines read-in
exploded
type: normal
NHDPLUS_H_1024_HU4_GDB
flowlines read-in
exploded
type: normal
NHDPLUS_H_1020_HU4_GDB
flowlines read-in
exploded
INFO: Pandarallel will run on 128 workers.
INFO: Pandarallel will use Memory file system to transfer data between the main process and workers.
This granule has no pixels that intersect reaches, exiting.
Fri Feb 14 01:00:20 UTC 2025
