Removing conda
Loading conda
Fri Feb 14 00:55:14 UTC 2025
SWOT_L2_HR_PIXC_502_009_234R_20230426T010710_20230426T010721_PGC0_01
(623517,)
type: normal
NHDPLUS_H_0702_HU4_GDB
flowlines read-in
exploded
type: normal
NHDPLUS_H_0701_HU4_GDB
flowlines read-in
exploded
type: normal
NHDPLUS_H_0703_HU4_GDB
flowlines read-in
exploded
INFO: Pandarallel will run on 64 workers.
INFO: Pandarallel will use Memory file system to transfer data between the main process and workers.
This granule has no pixels that intersect reaches, exiting.
Fri Feb 14 00:55:46 UTC 2025
