Removing conda
Loading conda
Fri Feb 14 01:05:15 UTC 2025
SWOT_L2_HR_PIXC_569_009_234R_20230701T143925_20230701T143936_PGC0_01
(568149,)
type: normal
NHDPLUS_H_0702_HU4_GDB
flowlines read-in
exploded
type: normal
NHDPLUS_H_0701_HU4_GDB
flowlines read-in
exploded
type: normal
NHDPLUS_H_0703_HU4_GDB
flowlines read-in
exploded
INFO: Pandarallel will run on 24 workers.
INFO: Pandarallel will use Memory file system to transfer data between the main process and workers.
This granule has no pixels that intersect reaches, exiting.
Fri Feb 14 01:05:32 UTC 2025
