Removing conda
Loading conda
Fri Feb 14 01:04:42 UTC 2025
SWOT_L2_HR_PIXC_564_009_231L_20230626T152546_20230626T152557_PGC0_01
(358927,)
type: normal
NHDPLUS_H_0702_HU4_GDB
flowlines read-in
exploded
type: normal
NHDPLUS_H_1023_HU4_GDB
flowlines read-in
exploded
type: normal
NHDPLUS_H_0710_HU4_GDB
flowlines read-in
exploded
INFO: Pandarallel will run on 64 workers.
INFO: Pandarallel will use Memory file system to transfer data between the main process and workers.
This granule has no pixels that intersect reaches, exiting.
Fri Feb 14 01:05:29 UTC 2025
