Removing conda
Loading conda
Fri Feb 14 00:59:14 UTC 2025
SWOT_L2_HR_PIXC_546_009_238R_20230608T181534_20230608T181545_PGC0_01
(274252,)
type: normal
NHDPLUS_H_0401_HU4_GDB
flowlines read-in
exploded
type: normal
NHDPLUS_H_0701_HU4_GDB
flowlines read-in
exploded
type: normal
NHDPLUS_H_0903_HU4_GDB
flowlines read-in
exploded
INFO: Pandarallel will run on 64 workers.
INFO: Pandarallel will use Memory file system to transfer data between the main process and workers.
This granule has no pixels that intersect reaches, exiting.
Fri Feb 14 00:59:33 UTC 2025
