Removing conda
Loading conda
Fri Feb 14 01:03:37 UTC 2025
SWOT_L2_HR_PIXC_558_009_231L_20230620T162158_20230620T162209_PGC0_01
(338260,)
type: normal
NHDPLUS_H_0702_HU4_GDB
flowlines read-in
exploded
type: normal
NHDPLUS_H_1023_HU4_GDB
flowlines read-in
exploded
type: normal
NHDPLUS_H_0710_HU4_GDB
flowlines read-in
exploded
INFO: Pandarallel will run on 24 workers.
INFO: Pandarallel will use Memory file system to transfer data between the main process and workers.
This granule has no pixels that intersect reaches, exiting.
Fri Feb 14 01:04:07 UTC 2025
