Removing conda
Loading conda
Fri Feb 14 00:59:56 UTC 2025
SWOT_L2_HR_PIXC_551_009_227L_20230613T172653_20230613T172704_PGC0_01
(3325540,)
type: normal
NHDPLUS_H_1023_HU4_GDB
flowlines read-in
exploded
type: normal
NHDPLUS_H_1024_HU4_GDB
flowlines read-in
exploded
type: normal
NHDPLUS_H_1020_HU4_GDB
flowlines read-in
exploded
INFO: Pandarallel will run on 128 workers.
INFO: Pandarallel will use Memory file system to transfer data between the main process and workers.
This granule has no pixels that intersect reaches, exiting.
Fri Feb 14 01:00:35 UTC 2025
