Removing conda
Loading conda
Fri Feb 14 00:37:14 UTC 2025
SWOT_L2_HR_PIXC_483_009_233R_20230407T040459_20230407T040510_PGC0_01
(327399,)
type: normal
NHDPLUS_H_0702_HU4_GDB
flowlines read-in
exploded
type: normal
NHDPLUS_H_0701_HU4_GDB
flowlines read-in
exploded
type: normal
NHDPLUS_H_0704_HU4_GDB
flowlines read-in
exploded
INFO: Pandarallel will run on 64 workers.
INFO: Pandarallel will use Memory file system to transfer data between the main process and workers.
This granule has no pixels that intersect reaches, exiting.
Fri Feb 14 00:37:40 UTC 2025
