Removing conda
Loading conda
Fri Feb 14 00:37:28 UTC 2025
SWOT_L2_HR_PIXC_484_009_238R_20230408T035627_20230408T035638_PGC0_01
(988425,)
type: normal
NHDPLUS_H_0401_HU4_GDB
flowlines read-in
exploded
type: normal
NHDPLUS_H_0701_HU4_GDB
flowlines read-in
exploded
type: normal
NHDPLUS_H_0903_HU4_GDB
flowlines read-in
exploded
INFO: Pandarallel will run on 128 workers.
INFO: Pandarallel will use Memory file system to transfer data between the main process and workers.
This granule has no pixels that intersect reaches, exiting.
Fri Feb 14 00:37:56 UTC 2025
