Removing conda
Loading conda
Fri Feb 14 01:05:16 UTC 2025
SWOT_L2_HR_PIXC_570_009_234R_20230702T143003_20230702T143014_PGC0_01
(512963,)
type: normal
NHDPLUS_H_0702_HU4_GDB
flowlines read-in
exploded
type: normal
NHDPLUS_H_0701_HU4_GDB
flowlines read-in
exploded
type: normal
NHDPLUS_H_0703_HU4_GDB
flowlines read-in
exploded
INFO: Pandarallel will run on 16 workers.
INFO: Pandarallel will use Memory file system to transfer data between the main process and workers.
This granule has no pixels that intersect reaches, exiting.
Fri Feb 14 01:05:43 UTC 2025
