Removing conda
Loading conda
Fri Feb 14 00:53:58 UTC 2025
SWOT_L2_HR_PIXC_485_009_233R_20230409T034615_20230409T034626_PGC0_01
(463731,)
type: normal
NHDPLUS_H_0702_HU4_GDB
flowlines read-in
exploded
type: normal
NHDPLUS_H_0701_HU4_GDB
flowlines read-in
exploded
type: normal
NHDPLUS_H_0704_HU4_GDB
flowlines read-in
exploded
INFO: Pandarallel will run on 32 workers.
INFO: Pandarallel will use Memory file system to transfer data between the main process and workers.
This granule has no pixels that intersect reaches, exiting.
Fri Feb 14 00:54:26 UTC 2025
