Removing conda
Loading conda
Fri Feb 14 00:37:12 UTC 2025
SWOT_L2_HR_PIXC_481_009_233R_20230405T042343_20230405T042354_PGC0_01
(346385,)
type: normal
NHDPLUS_H_0702_HU4_GDB
flowlines read-in
exploded
type: normal
NHDPLUS_H_0701_HU4_GDB
flowlines read-in
exploded
type: normal
NHDPLUS_H_0704_HU4_GDB
flowlines read-in
exploded
INFO: Pandarallel will run on 48 workers.
INFO: Pandarallel will use Memory file system to transfer data between the main process and workers.
This granule has no pixels that intersect reaches, exiting.
Fri Feb 14 00:37:26 UTC 2025
