Removing conda
Loading conda
Fri Feb 14 01:02:39 UTC 2025
SWOT_L2_HR_PIXC_556_009_231L_20230618T164042_20230618T164053_PGC0_01
(395617,)
type: normal
NHDPLUS_H_0702_HU4_GDB
flowlines read-in
exploded
type: normal
NHDPLUS_H_1023_HU4_GDB
flowlines read-in
exploded
type: normal
NHDPLUS_H_0710_HU4_GDB
flowlines read-in
exploded
INFO: Pandarallel will run on 128 workers.
INFO: Pandarallel will use Memory file system to transfer data between the main process and workers.
This granule has no pixels that intersect reaches, exiting.
Fri Feb 14 01:03:06 UTC 2025
