Removing conda
Loading conda
Fri Feb 14 01:04:41 UTC 2025
SWOT_L2_HR_PIXC_561_009_238R_20230623T155502_20230623T155513_PGC0_01
(234908,)
type: normal
NHDPLUS_H_0401_HU4_GDB
flowlines read-in
exploded
type: normal
NHDPLUS_H_0701_HU4_GDB
flowlines read-in
exploded
type: normal
NHDPLUS_H_0903_HU4_GDB
flowlines read-in
exploded
INFO: Pandarallel will run on 24 workers.
INFO: Pandarallel will use Memory file system to transfer data between the main process and workers.
This granule has no pixels that intersect reaches, exiting.
Fri Feb 14 01:04:58 UTC 2025
