Removing conda
Loading conda
Fri Feb 14 01:00:22 UTC 2025
SWOT_L2_HR_PIXC_553_009_231L_20230615T170848_20230615T170859_PGC0_01
(349012,)
type: normal
NHDPLUS_H_0702_HU4_GDB
flowlines read-in
exploded
type: normal
NHDPLUS_H_1023_HU4_GDB
flowlines read-in
exploded
type: normal
NHDPLUS_H_0710_HU4_GDB
flowlines read-in
exploded
INFO: Pandarallel will run on 64 workers.
INFO: Pandarallel will use Memory file system to transfer data between the main process and workers.
This granule has no pixels that intersect reaches, exiting.
Fri Feb 14 01:00:47 UTC 2025
