Removing conda
Loading conda
Fri Feb 14 00:57:12 UTC 2025
SWOT_L2_HR_PIXC_517_009_237R_20230510T224707_20230510T224718_PGC0_01
(251288,)
type: normal
NHDPLUS_H_0401_HU4_GDB
flowlines read-in
exploded
type: normal
NHDPLUS_H_0701_HU4_GDB
flowlines read-in
exploded
type: normal
NHDPLUS_H_0703_HU4_GDB
flowlines read-in
exploded
INFO: Pandarallel will run on 64 workers.
INFO: Pandarallel will use Memory file system to transfer data between the main process and workers.
This granule has no pixels that intersect reaches, exiting.
Fri Feb 14 00:57:42 UTC 2025
