Removing conda
Loading conda
Fri Feb 14 00:21:12 UTC 2025
SWOT_L2_HR_PIXC_011_520_076R_20240304T101809_20240304T101817_PIC0_01
(1791357,)
type: normal
NHDPLUS_H_0105_HU4_GDB
flowlines read-in
exploded
INFO: Pandarallel will run on 128 workers.
INFO: Pandarallel will use Memory file system to transfer data between the main process and workers.
/work/pi_cjgleason_umass_edu/.conda/envs/narrowPIXC/lib/python3.12/site-packages/geopandas/geodataframe.py:1819: SettingWithCopyWarning: 
A value is trying to be set on a copy of a slice from a DataFrame.
Try using .loc[row_indexer,col_indexer] = value instead

See the caveats in the documentation: https://pandas.pydata.org/pandas-docs/stable/user_guide/indexing.html#returning-a-view-versus-a-copy
  super().__setitem__(key, value)
Indices: [192]
type: segmented
NHDPLUS_H_0105_HU4_GDB
/nas/cee-water/cjgleason/fiona/narrow_rivers_PIXC_data/NHD_prepped_segmented/HUC2_01/NHDPLUS_H_0105_HU4_GDB_prepped_segmented.parquet
segments read-in
Script completed, wrote out results.
Fri Feb 14 00:22:17 UTC 2025
