Removing conda
Loading conda
Fri Feb 14 01:05:39 UTC 2025
SWOT_L2_HR_PIXC_571_009_238R_20230703T142121_20230703T142132_PGC0_01
(210088,)
type: normal
NHDPLUS_H_0401_HU4_GDB
flowlines read-in
exploded
type: normal
NHDPLUS_H_0701_HU4_GDB
flowlines read-in
exploded
type: normal
NHDPLUS_H_0903_HU4_GDB
flowlines read-in
exploded
INFO: Pandarallel will run on 32 workers.
INFO: Pandarallel will use Memory file system to transfer data between the main process and workers.
This granule has no pixels that intersect reaches, exiting.
Fri Feb 14 01:05:57 UTC 2025
