Removing conda
Loading conda
Fri Feb 14 00:37:16 UTC 2025
SWOT_L2_HR_PIXC_483_009_227L_20230407T040359_20230407T040410_PGC0_01
(2947216,)
type: normal
NHDPLUS_H_1023_HU4_GDB
flowlines read-in
exploded
type: normal
NHDPLUS_H_1024_HU4_GDB
flowlines read-in
exploded
type: normal
NHDPLUS_H_1020_HU4_GDB
flowlines read-in
exploded
INFO: Pandarallel will run on 64 workers.
INFO: Pandarallel will use Memory file system to transfer data between the main process and workers.
This granule has no pixels that intersect reaches, exiting.
Fri Feb 14 00:38:04 UTC 2025
