Removing conda
Loading conda
Fri Feb 14 00:55:14 UTC 2025
SWOT_L2_HR_PIXC_502_009_238R_20230426T010750_20230426T010801_PGC0_01
(474047,)
type: normal
NHDPLUS_H_0401_HU4_GDB
flowlines read-in
exploded
type: normal
NHDPLUS_H_0701_HU4_GDB
flowlines read-in
exploded
type: normal
NHDPLUS_H_0903_HU4_GDB
flowlines read-in
exploded
INFO: Pandarallel will run on 64 workers.
INFO: Pandarallel will use Memory file system to transfer data between the main process and workers.
This granule has no pixels that intersect reaches, exiting.
Fri Feb 14 00:55:51 UTC 2025
